[LOGGER] Logging to logs/run_33.log
[INFO] Connected to ESP32 at 192.168.4.1:3333
[INFO] Starting Fire Rover Decision System
Press Ctrl+C to terminate manually

[INFO] Starting Fire Rover Decision System
Press Ctrl+C or 'q' in the video window to terminate

[DEBUG] Fire aligned
[DEBUG] Fire's bounding box reached the bottom → STOPPING
[DEBUG] Pump ON: Fire reached the bottom of the frame
[DEBUG] Pump OFF: Fire not at the bottom yet or no fire detected
[DEBUG] Pump ON: Fire reached the bottom of the frame
[INFO] Shutting down rover safely...
Traceback (most recent call last):
  File "C:\Users\Faizan\Desktop\esp32_rover\prototype_3\decisions.py", line 287, in run
    self.extinguish_fire()
  File "C:\Users\Faizan\Desktop\esp32_rover\prototype_3\decisions.py", line 187, in extinguish_fire
    self.oscillate_nozzle()
  File "C:\Users\Faizan\Desktop\esp32_rover\prototype_3\decisions.py", line 203, in oscillate_nozzle
    self.servo.set_water_us(self.nozzle_angle - 10)
  File "C:\Users\Faizan\Desktop\esp32_rover\prototype_3\actuators\servo_client.py", line 65, in set_water_us
    return self.esp32.send_command(f"WATER ANGLE {microseconds}")
           ^^^^^^^^^^^^^^^^^^^^^^^^^^^^^^^^^^^^^^^^^^^^^^^^^^^^^^
  File "C:\Users\Faizan\Desktop\esp32_rover\prototype_3\esp32_connection.py", line 58, in send_command
    response = self.socket.recv(1024).decode().strip()
               ^^^^^^^^^^^^^^^^^^^^^^
ConnectionResetError: [WinError 10054] An existing connection was forcibly closed by the remote host

During handling of the above exception, another exception occurred:

Traceback (most recent call last):
  File "C:\Users\Faizan\Desktop\esp32_rover\prototype_3\main.py", line 51, in <module>
    main()
  File "C:\Users\Faizan\Desktop\esp32_rover\prototype_3\main.py", line 33, in main
    rover.run()
  File "C:\Users\Faizan\Desktop\esp32_rover\prototype_3\decisions.py", line 296, in run
    self.shutdown()
  File "C:\Users\Faizan\Desktop\esp32_rover\prototype_3\decisions.py", line 74, in shutdown
    self.movement.stop()
  File "C:\Users\Faizan\Desktop\esp32_rover\prototype_3\actuators\movement_client.py", line 24, in stop
    return self.esp32.send_command("STOP")
           ^^^^^^^^^^^^^^^^^^^^^^^^^^^^^^^
  File "C:\Users\Faizan\Desktop\esp32_rover\prototype_3\esp32_connection.py", line 49, in send_command
    raise RuntimeError("ESP32 not connected")
RuntimeError: ESP32 not connected
