[LOGGER] Logging to logs/run_214.log
[INFO] Connected to ESP32 at 192.168.4.1:3333
[INFO] Starting Fire Rover Decision System
Press Ctrl+C to terminate manually

[INFO] Starting Fire Rover Decision System
Press Ctrl+C or 'q' in the video window to terminate

[DEBUG] Raw IR response from ESP32: 'IR:0'
[DEBUG] Parsed IR status: {'center': 0, 'left': 0, 'right': 0}
[DEBUG] Raw IR response from ESP32: 'OK CAMERA ANGLE'
[DEBUG] Raw IR response from ESP32: 'OK CAMERA ANGLE'
[DEBUG] Raw IR response from ESP32: 'OK CAMERA ANGLE'
[DEBUG] Raw IR response from ESP32: 'OK CAMERA ANGLE'

[INFO] Manual termination detected
[INFO] Shutting down rover safely...
[DEBUG] Raw IR response from ESP32: 'OK CAMERA ANGLE'
[DEBUG] Raw IR response from ESP32: 'OK STOP'
[DEBUG] Raw IR response from ESP32: 'OK STOP'
[DEBUG] Raw IR response from ESP32: 'OK STOP'
Traceback (most recent call last):
  File "C:\Users\ashis\OneDrive\Desktop\prototype_3\main.py", line 51, in <module>
    main()
  File "C:\Users\ashis\OneDrive\Desktop\prototype_3\main.py", line 33, in main
    rover.run()
  File "C:\Users\ashis\OneDrive\Desktop\prototype_3\decisions.py", line 298, in run
    self.shutdown()
  File "C:\Users\ashis\OneDrive\Desktop\prototype_3\decisions.py", line 88, in shutdown
    self.pump.off()
  File "C:\Users\ashis\OneDrive\Desktop\prototype_3\actuators\pump_client.py", line 15, in off
    return self.esp32.send_command("PUMP OFF")
           ^^^^^^^^^^^^^^^^^^^^^^^^^^^^^^^^^^^
  File "C:\Users\ashis\OneDrive\Desktop\prototype_3\esp32_connection.py", line 53, in send_command
    self.socket.sendall((command + "\n").encode())
                        ^^^^^^^^^^^^^^^^^^^^^^^^^
KeyboardInterrupt
