[LOGGER] Logging to logs/run_26.log
[INFO] Connected to ESP32 at 192.168.4.1:3333
[INFO] Starting Fire Rover Decision System
Press Ctrl+C to terminate manually

[INFO] Starting Fire Rover Decision System
Press Ctrl+C or 'q' in the video window to terminate

[DEBUG] Fire aligned
[DEBUG] Fire's bounding box reached the bottom → STOPPING
[DEBUG] Pump ON: Fire reached the bottom of the frame
[DEBUG] Pump ON: Fire reached the bottom of the frame
[DEBUG] Pump OFF: Fire not at the bottom yet or no fire detected
[DEBUG] Pump OFF: Fire not at the bottom yet or no fire detected
[DEBUG] Fire aligned
[DEBUG] Fire's bounding box reached the bottom → STOPPING
[DEBUG] Pump OFF: Fire not at the bottom yet or no fire detected
[DEBUG] Pump OFF: Fire not at the bottom yet or no fire detected
[DEBUG] Pump OFF: Fire not at the bottom yet or no fire detected
[DEBUG] Pump OFF: Fire not at the bottom yet or no fire detected
[DEBUG] Pump OFF: Fire not at the bottom yet or no fire detected
[DEBUG] Pump OFF: Fire not at the bottom yet or no fire detected
[DEBUG] Pump OFF: Fire not at the bottom yet or no fire detected
[DEBUG] Pump OFF: Fire not at the bottom yet or no fire detected
[DEBUG] Pump OFF: Fire not at the bottom yet or no fire detected
[DEBUG] Pump ON: Fire reached the bottom of the frame
[DEBUG] Pump ON: Fire reached the bottom of the frame
[INFO] Shutting down rover safely...
Traceback (most recent call last):
  File "C:\Users\Faizan\Desktop\esp32_rover\prototype_3\decisions.py", line 241, in run
    self.extinguish_fire()
  File "C:\Users\Faizan\Desktop\esp32_rover\prototype_3\decisions.py", line 155, in extinguish_fire
    self.pump.on()
  File "C:\Users\Faizan\Desktop\esp32_rover\prototype_3\actuators\pump_client.py", line 12, in on
    return self.esp32.send_command("PUMP ON")
           ^^^^^^^^^^^^^^^^^^^^^^^^^^^^^^^^^^
  File "C:\Users\Faizan\Desktop\esp32_rover\prototype_3\esp32_connection.py", line 58, in send_command
    response = self.socket.recv(1024).decode().strip()
               ^^^^^^^^^^^^^^^^^^^^^^
ConnectionResetError: [WinError 10054] An existing connection was forcibly closed by the remote host

During handling of the above exception, another exception occurred:

Traceback (most recent call last):
  File "C:\Users\Faizan\Desktop\esp32_rover\prototype_3\main.py", line 51, in <module>
    main()
  File "C:\Users\Faizan\Desktop\esp32_rover\prototype_3\main.py", line 33, in main
    rover.run()
  File "C:\Users\Faizan\Desktop\esp32_rover\prototype_3\decisions.py", line 250, in run
    self.shutdown()
  File "C:\Users\Faizan\Desktop\esp32_rover\prototype_3\decisions.py", line 68, in shutdown
    self.movement.stop()
  File "C:\Users\Faizan\Desktop\esp32_rover\prototype_3\actuators\movement_client.py", line 24, in stop
    return self.esp32.send_command("STOP")
           ^^^^^^^^^^^^^^^^^^^^^^^^^^^^^^^
  File "C:\Users\Faizan\Desktop\esp32_rover\prototype_3\esp32_connection.py", line 49, in send_command
    raise RuntimeError("ESP32 not connected")
RuntimeError: ESP32 not connected
