[LOGGER] Logging to logs/run_118.log
[INFO] Connected to ESP32 at 192.168.4.1:3333
[INFO] Starting Fire Rover Decision System
Press Ctrl+C to terminate manually

[INFO] Starting Fire Rover Decision System
Press Ctrl+C or 'q' in the video window to terminate

[DEBUG] Raw IR response from ESP32: 'IR:0'
[DEBUG] Parsed IR status: {'center': 0, 'left': 0, 'right': 0}
[DEBUG] Raw IR response from ESP32: ''
[DEBUG] Raw IR response from ESP32: 'IR:0'
[DEBUG] Parsed IR status: {'center': 0, 'left': 0, 'right': 0}
[DEBUG] Raw IR response from ESP32: 'IR:0'
[DEBUG] Parsed IR status: {'center': 0, 'left': 0, 'right': 0}
[DEBUG] Raw IR response from ESP32: 'IR:0'
[DEBUG] Parsed IR status: {'center': 0, 'left': 0, 'right': 0}
[DEBUG] Raw IR response from ESP32: ''
[DEBUG] Raw IR response from ESP32: 'IR:0\r\nIR:0'
[DEBUG] Parsed IR status: {'center': 0, 'left': 0, 'right': 0}
[DEBUG] Raw IR response from ESP32: 'IR:0'
[DEBUG] Parsed IR status: {'center': 0, 'left': 0, 'right': 0}
[DEBUG] Raw IR response from ESP32: 'IR:0'
[DEBUG] Parsed IR status: {'center': 0, 'left': 0, 'right': 0}
[DEBUG] Raw IR response from ESP32: 'IR:0'
[DEBUG] Parsed IR status: {'center': 0, 'left': 0, 'right': 0}
[DEBUG] Raw IR response from ESP32: 'IR:0'
[DEBUG] Parsed IR status: {'center': 0, 'left': 0, 'right': 0}
[DEBUG] Raw IR response from ESP32: 'IR:0'
[DEBUG] Parsed IR status: {'center': 0, 'left': 0, 'right': 0}
[DEBUG] Raw IR response from ESP32: 'IR:0'
[DEBUG] Parsed IR status: {'center': 0, 'left': 0, 'right': 0}
[DEBUG] Raw IR response from ESP32: 'IR:0'
[DEBUG] Parsed IR status: {'center': 0, 'left': 0, 'right': 0}
[DEBUG] Raw IR response from ESP32: ''
[DEBUG] Raw IR response from ESP32: 'IR:0\r\nIR:0'
[DEBUG] Parsed IR status: {'center': 0, 'left': 0, 'right': 0}
[DEBUG] Raw IR response from ESP32: 'IR:0'
[DEBUG] Parsed IR status: {'center': 0, 'left': 0, 'right': 0}
[DEBUG] Raw IR response from ESP32: 'IR:0'
[DEBUG] Parsed IR status: {'center': 0, 'left': 0, 'right': 0}
[DEBUG] Raw IR response from ESP32: 'IR:0'
[DEBUG] Parsed IR status: {'center': 0, 'left': 0, 'right': 0}
[DEBUG] Raw IR response from ESP32: 'IR:0'
[DEBUG] Parsed IR status: {'center': 0, 'left': 0, 'right': 0}
[DEBUG] Raw IR response from ESP32: ''
[DEBUG] Raw IR response from ESP32: 'IR:0'
[DEBUG] Parsed IR status: {'center': 0, 'left': 0, 'right': 0}
[DEBUG] Raw IR response from ESP32: 'IR:0'
[DEBUG] Parsed IR status: {'center': 0, 'left': 0, 'right': 0}
[DEBUG] Raw IR response from ESP32: 'IR:0\r\nIR:0'
[DEBUG] Parsed IR status: {'center': 0, 'left': 0, 'right': 0}
[DEBUG] Raw IR response from ESP32: ''
[DEBUG] Raw IR response from ESP32: 'IR:0\r\nIR:0'
[DEBUG] Parsed IR status: {'center': 0, 'left': 0, 'right': 0}
[DEBUG] Raw IR response from ESP32: ''
[DEBUG] Raw IR response from ESP32: 'IR:0\r\nIR:0'
[DEBUG] Parsed IR status: {'center': 0, 'left': 0, 'right': 0}
[DEBUG] Raw IR response from ESP32: ''
[DEBUG] Raw IR response from ESP32: 'IR:0'
[DEBUG] Parsed IR status: {'center': 0, 'left': 0, 'right': 0}
[DEBUG] Raw IR response from ESP32: 'IR:0'
[DEBUG] Parsed IR status: {'center': 0, 'left': 0, 'right': 0}
[DEBUG] Raw IR response from ESP32: 'IR:0\r\nIR:0'
[DEBUG] Parsed IR status: {'center': 0, 'left': 0, 'right': 0}
[DEBUG] Raw IR response from ESP32: ''
[DEBUG] Raw IR response from ESP32: 'IR:0'
[DEBUG] Parsed IR status: {'center': 0, 'left': 0, 'right': 0}
[DEBUG] Raw IR response from ESP32: 'IR:0'
[DEBUG] Parsed IR status: {'center': 0, 'left': 0, 'right': 0}
[DEBUG] Raw IR response from ESP32: 'OK CAMERA ANGLE'
[DEBUG] Raw IR response from ESP32: 'IR:0'
[DEBUG] Parsed IR status: {'center': 0, 'left': 0, 'right': 0}
[DEBUG] Raw IR response from ESP32: 'OK CAMERA ANGLE'
[DEBUG] Raw IR response from ESP32: 'IR:0'
[DEBUG] Parsed IR status: {'center': 0, 'left': 0, 'right': 0}
[DEBUG] Raw IR response from ESP32: 'OK CAMERA ANGLE\r\nIR:0'
[DEBUG] Parsed IR status: {'center': 0, 'left': 0, 'right': 0}
[DEBUG] Raw IR response from ESP32: 'OK STOP'
[DEBUG] Raw IR response from ESP32: 'OK CAMERA ANGLE'
[DEBUG] Raw IR response from ESP32: 'OK CAMERA ANGLE'
[DEBUG] Raw IR response from ESP32: 'OK TURN RIGHT'
[DEBUG] Raw IR response from ESP32: 'OK CAMERA ANGLE'
[DEBUG] Raw IR response from ESP32: 'OK TURN RIGHT'
[DEBUG] Raw IR response from ESP32: 'OK CAMERA ANGLE'
[DEBUG] Raw IR response from ESP32: 'OK TURN RIGHT'
[DEBUG] Raw IR response from ESP32: 'OK CAMERA ANGLE'
[DEBUG] Raw IR response from ESP32: 'OK TURN RIGHT'
[DEBUG] Raw IR response from ESP32: 'OK CAMERA ANGLE'
[DEBUG] Raw IR response from ESP32: 'OK TURN RIGHT\r\nIR:0'
[DEBUG] Parsed IR status: {'center': 0, 'left': 0, 'right': 0}
[DEBUG] Raw IR response from ESP32: 'OK CAMERA ANGLE'
[DEBUG] Raw IR response from ESP32: 'OK TURN RIGHT'
[DEBUG] Raw IR response from ESP32: 'OK CAMERA ANGLE'
[DEBUG] Raw IR response from ESP32: 'OK TURN RIGHT'
[DEBUG] Raw IR response from ESP32: 'OK CAMERA ANGLE'
[DEBUG] Raw IR response from ESP32: 'OK TURN RIGHT'
[DEBUG] Raw IR response from ESP32: 'OK CAMERA ANGLE'
[DEBUG] Raw IR response from ESP32: 'OK TURN RIGHT'
[DEBUG] Raw IR response from ESP32: 'OK CAMERA ANGLE'
[DEBUG] Raw IR response from ESP32: 'OK TURN RIGHT'
[DEBUG] Raw IR response from ESP32: 'OK CAMERA ANGLE'
[DEBUG] Raw IR response from ESP32: 'OK TURN RIGHT'
[DEBUG] Raw IR response from ESP32: 'OK CAMERA ANGLE'
[DEBUG] Raw IR response from ESP32: 'OK TURN RIGHT'
[DEBUG] Raw IR response from ESP32: 'OK CAMERA ANGLE'
[DEBUG] Raw IR response from ESP32: 'OK TURN RIGHT\r\nIR:0'
[DEBUG] Parsed IR status: {'center': 0, 'left': 0, 'right': 0}
[DEBUG] Raw IR response from ESP32: 'OK CAMERA ANGLE'
[DEBUG] Raw IR response from ESP32: 'OK TURN RIGHT'
[DEBUG] Raw IR response from ESP32: 'OK CAMERA ANGLE'
[DEBUG] Raw IR response from ESP32: 'OK TURN RIGHT'
[DEBUG] Raw IR response from ESP32: 'OK CAMERA ANGLE'
[DEBUG] Raw IR response from ESP32: 'OK TURN RIGHT'
[DEBUG] Raw IR response from ESP32: 'OK CAMERA ANGLE'
[DEBUG] Raw IR response from ESP32: 'OK TURN RIGHT\r\nIR:0'
[DEBUG] Parsed IR status: {'center': 0, 'left': 0, 'right': 0}
[DEBUG] Raw IR response from ESP32: 'OK CAMERA ANGLE'
[DEBUG] Raw IR response from ESP32: 'OK TURN RIGHT'
[DEBUG] Raw IR response from ESP32: 'IR:0'
[DEBUG] Parsed IR status: {'center': 0, 'left': 0, 'right': 0}
[DEBUG] Raw IR response from ESP32: 'OK STOP'
[DEBUG] Raw IR response from ESP32: 'OK CAMERA ANGLE'
[DEBUG] Raw IR response from ESP32: 'OK TURN RIGHT\r\nIR:1'
[DEBUG] Parsed IR status: {'center': 1, 'left': 0, 'right': 0}
[DEBUG] Raw IR response from ESP32: 'OK PUMP ON'
[DEBUG] Raw IR response from ESP32: 'OK WATER ANGLE'
[DEBUG] Raw IR response from ESP32: 'OK PUMP OFF'
[DEBUG] Raw IR response from ESP32: 'OK WATER ANGLE'
[DEBUG] Raw IR response from ESP32: 'OK PUMP OFF'
[DEBUG] Raw IR response from ESP32: 'OK WATER ANGLE'
[DEBUG] Raw IR response from ESP32: 'OK PUMP OFF'
[DEBUG] Raw IR response from ESP32: 'OK WATER ANGLE'
[DEBUG] Raw IR response from ESP32: 'OK PUMP OFF'
[DEBUG] Raw IR response from ESP32: 'OK WATER ANGLE'
[DEBUG] Raw IR response from ESP32: 'OK PUMP OFF'
[DEBUG] Raw IR response from ESP32: 'OK WATER ANGLE'
[DEBUG] Raw IR response from ESP32: 'OK PUMP OFF'
[DEBUG] Raw IR response from ESP32: 'OK WATER ANGLE'
[DEBUG] Raw IR response from ESP32: 'OK PUMP OFF'
[DEBUG] Raw IR response from ESP32: 'OK WATER ANGLE'
[DEBUG] Raw IR response from ESP32: 'OK PUMP OFF'
[DEBUG] Raw IR response from ESP32: 'OK WATER ANGLE'
[DEBUG] Raw IR response from ESP32: 'OK PUMP OFF'
[DEBUG] Raw IR response from ESP32: 'OK WATER ANGLE'
[DEBUG] Raw IR response from ESP32: 'OK PUMP OFF'
[DEBUG] Raw IR response from ESP32: ''
[DEBUG] Raw IR response from ESP32: 'OK PUMP OFF'
[DEBUG] Raw IR response from ESP32: 'OK WATER ANGLE\r\nIR:1'
[DEBUG] Parsed IR status: {'center': 1, 'left': 0, 'right': 0}
[DEBUG] Raw IR response from ESP32: 'OK PUMP ON'
[DEBUG] Raw IR response from ESP32: 'OK WATER ANGLE'
[DEBUG] Raw IR response from ESP32: 'OK PUMP OFF'
[DEBUG] Raw IR response from ESP32: 'OK WATER ANGLE'
[DEBUG] Raw IR response from ESP32: 'OK PUMP OFF'
[DEBUG] Raw IR response from ESP32: 'OK WATER ANGLE'
[DEBUG] Raw IR response from ESP32: 'OK PUMP OFF'
[DEBUG] Raw IR response from ESP32: 'OK WATER ANGLE'
[DEBUG] Raw IR response from ESP32: 'OK PUMP OFF'
[DEBUG] Raw IR response from ESP32: 'OK WATER ANGLE'
[DEBUG] Raw IR response from ESP32: 'OK PUMP OFF'
[DEBUG] Raw IR response from ESP32: 'OK WATER ANGLE'
[DEBUG] Raw IR response from ESP32: 'OK PUMP OFF'
[DEBUG] Raw IR response from ESP32: 'OK WATER ANGLE'
[DEBUG] Raw IR response from ESP32: 'OK PUMP OFF'
[DEBUG] Raw IR response from ESP32: 'OK WATER ANGLE'
[DEBUG] Raw IR response from ESP32: 'OK PUMP OFF'
[DEBUG] Raw IR response from ESP32: 'OK WATER ANGLE'
[DEBUG] Raw IR response from ESP32: 'OK PUMP OFF'
[DEBUG] Raw IR response from ESP32: 'OK WATER ANGLE'
[DEBUG] Raw IR response from ESP32: 'OK PUMP OFF'
[DEBUG] Raw IR response from ESP32: 'OK WATER ANGLE\r\nIR:1'
[DEBUG] Parsed IR status: {'center': 1, 'left': 0, 'right': 0}
[DEBUG] Raw IR response from ESP32: 'OK PUMP ON'
[DEBUG] Raw IR response from ESP32: 'OK WATER ANGLE'
[DEBUG] Raw IR response from ESP32: 'OK PUMP OFF'
[DEBUG] Raw IR response from ESP32: 'OK WATER ANGLE'
[DEBUG] Raw IR response from ESP32: 'OK PUMP OFF'
[DEBUG] Raw IR response from ESP32: 'OK WATER ANGLE'
[DEBUG] Raw IR response from ESP32: 'OK PUMP OFF'
[DEBUG] Raw IR response from ESP32: 'OK WATER ANGLE'
[DEBUG] Raw IR response from ESP32: 'OK PUMP OFF'
[DEBUG] Raw IR response from ESP32: 'OK WATER ANGLE\r\nIR:1'
[DEBUG] Parsed IR status: {'center': 1, 'left': 0, 'right': 0}
[DEBUG] Raw IR response from ESP32: 'OK PUMP ON'
[DEBUG] Raw IR response from ESP32: 'OK WATER ANGLE'
[DEBUG] Raw IR response from ESP32: 'OK PUMP OFF'
[DEBUG] Raw IR response from ESP32: 'OK WATER ANGLE'
[DEBUG] Raw IR response from ESP32: 'OK PUMP OFF'
[DEBUG] Raw IR response from ESP32: 'OK WATER ANGLE'
[DEBUG] Raw IR response from ESP32: 'OK PUMP OFF'
[DEBUG] Raw IR response from ESP32: 'OK WATER ANGLE'
[DEBUG] Raw IR response from ESP32: 'OK PUMP OFF'
[DEBUG] Raw IR response from ESP32: 'OK WATER ANGLE'
[DEBUG] Raw IR response from ESP32: 'OK PUMP OFF'
[DEBUG] Raw IR response from ESP32: 'OK WATER ANGLE'
[DEBUG] Raw IR response from ESP32: 'OK PUMP OFF'
[DEBUG] Raw IR response from ESP32: 'OK PUMP OFF'
[DEBUG] Raw IR response from ESP32: 'OK WATER ANGLE\r\nIR:0'
[DEBUG] Parsed IR status: {'center': 0, 'left': 0, 'right': 0}
[DEBUG] Raw IR response from ESP32: 'OK PUMP OFF'
[DEBUG] Raw IR response from ESP32: 'OK WATER ANGLE'
[DEBUG] Raw IR response from ESP32: 'OK PUMP OFF'
[DEBUG] Raw IR response from ESP32: 'OK WATER ANGLE'
[DEBUG] Raw IR response from ESP32: 'OK PUMP OFF'
[DEBUG] Raw IR response from ESP32: 'OK PUMP OFF'
[DEBUG] Raw IR response from ESP32: 'OK WATER ANGLE'
[DEBUG] Raw IR response from ESP32: 'OK PUMP OFF'
[DEBUG] Raw IR response from ESP32: 'OK WATER ANGLE'
[DEBUG] Raw IR response from ESP32: 'OK PUMP OFF'
[DEBUG] Raw IR response from ESP32: 'OK WATER ANGLE'
[DEBUG] Raw IR response from ESP32: 'OK PUMP OFF'
[DEBUG] Raw IR response from ESP32: 'OK WATER ANGLE'
[DEBUG] Raw IR response from ESP32: 'OK PUMP OFF'
[DEBUG] Raw IR response from ESP32: 'OK WATER ANGLE'
[DEBUG] Raw IR response from ESP32: 'OK PUMP OFF'
[DEBUG] Raw IR response from ESP32: 'OK WATER ANGLE'
[DEBUG] Raw IR response from ESP32: 'OK PUMP OFF'
[DEBUG] Raw IR response from ESP32: 'OK WATER ANGLE'
[DEBUG] Raw IR response from ESP32: 'OK PUMP OFF'
[DEBUG] Raw IR response from ESP32: 'OK WATER ANGLE'
[DEBUG] Raw IR response from ESP32: 'OK PUMP OFF'
[DEBUG] Raw IR response from ESP32: 'OK WATER ANGLE'
[DEBUG] Raw IR response from ESP32: 'OK PUMP OFF'
[DEBUG] Raw IR response from ESP32: 'OK WATER ANGLE'
[DEBUG] Raw IR response from ESP32: 'OK PUMP OFF'
[DEBUG] Raw IR response from ESP32: 'OK WATER ANGLE'
[DEBUG] Raw IR response from ESP32: 'OK PUMP OFF'
[DEBUG] Raw IR response from ESP32: 'OK WATER ANGLE'
[DEBUG] Raw IR response from ESP32: 'OK PUMP OFF'
[DEBUG] Raw IR response from ESP32: 'OK WATER ANGLE\r\nIR:0'
[DEBUG] Parsed IR status: {'center': 0, 'left': 0, 'right': 0}
[DEBUG] Raw IR response from ESP32: 'OK PUMP OFF'
[DEBUG] Raw IR response from ESP32: 'OK WATER ANGLE\r\nIR:0'
[DEBUG] Parsed IR status: {'center': 0, 'left': 0, 'right': 0}
[DEBUG] Raw IR response from ESP32: 'OK PUMP OFF'
[DEBUG] Raw IR response from ESP32: 'OK WATER ANGLE'
[DEBUG] Raw IR response from ESP32: 'OK PUMP OFF'
[DEBUG] Raw IR response from ESP32: 'OK WATER ANGLE'
[DEBUG] Raw IR response from ESP32: 'OK PUMP OFF'
[DEBUG] Raw IR response from ESP32: 'OK WATER ANGLE'
[DEBUG] Raw IR response from ESP32: 'IR:0'
[DEBUG] Parsed IR status: {'center': 0, 'left': 0, 'right': 0}
[DEBUG] Raw IR response from ESP32: 'OK PUMP OFF\r\nOK WATER ANGLE'
[DEBUG] Raw IR response from ESP32: ''
[DEBUG] Raw IR response from ESP32: 'IR:0'
[DEBUG] Parsed IR status: {'center': 0, 'left': 0, 'right': 0}
[DEBUG] Raw IR response from ESP32: 'OK WATER ANGLE'
[DEBUG] Raw IR response from ESP32: 'OK PUMP OFF'
[DEBUG] Raw IR response from ESP32: 'OK WATER ANGLE\r\nIR:0'
[DEBUG] Parsed IR status: {'center': 0, 'left': 0, 'right': 0}
[DEBUG] Raw IR response from ESP32: 'OK PUMP OFF'
[DEBUG] Raw IR response from ESP32: 'OK WATER ANGLE\r\nIR:0'
[DEBUG] Parsed IR status: {'center': 0, 'left': 0, 'right': 0}
[DEBUG] Raw IR response from ESP32: 'OK PUMP OFF'
[DEBUG] Raw IR response from ESP32: 'OK WATER ANGLE'
[DEBUG] Raw IR response from ESP32: 'OK PUMP OFF'
[DEBUG] Raw IR response from ESP32: 'OK WATER ANGLE\r\nIR:0'
[DEBUG] Parsed IR status: {'center': 0, 'left': 0, 'right': 0}
[DEBUG] Raw IR response from ESP32: 'OK PUMP OFF'
[DEBUG] Raw IR response from ESP32: 'OK WATER ANGLE'
[DEBUG] Raw IR response from ESP32: 'OK PUMP OFF'
[DEBUG] Raw IR response from ESP32: 'OK WATER ANGLE\r\nIR:0'
[DEBUG] Parsed IR status: {'center': 0, 'left': 0, 'right': 0}
[DEBUG] Raw IR response from ESP32: 'OK PUMP OFF'
[DEBUG] Raw IR response from ESP32: 'OK WATER ANGLE'
[DEBUG] Raw IR response from ESP32: 'IR:0'
[DEBUG] Parsed IR status: {'center': 0, 'left': 0, 'right': 0}
[DEBUG] Raw IR response from ESP32: 'OK PUMP OFF'
[DEBUG] Raw IR response from ESP32: 'OK WATER ANGLE'
[DEBUG] Raw IR response from ESP32: 'IR:0\r\nIR:0'
[DEBUG] Parsed IR status: {'center': 0, 'left': 0, 'right': 0}
[DEBUG] Raw IR response from ESP32: 'OK PUMP OFF'
[DEBUG] Raw IR response from ESP32: 'OK WATER ANGLE'
[DEBUG] Raw IR response from ESP32: 'OK PUMP OFF'
[DEBUG] Raw IR response from ESP32: 'OK WATER ANGLE'
[DEBUG] Raw IR response from ESP32: 'OK PUMP OFF'
[DEBUG] Raw IR response from ESP32: 'OK WATER ANGLE'
[DEBUG] Raw IR response from ESP32: 'OK PUMP OFF'
[DEBUG] Raw IR response from ESP32: 'OK WATER ANGLE'
[DEBUG] Raw IR response from ESP32: 'OK PUMP OFF'
[DEBUG] Raw IR response from ESP32: 'OK WATER ANGLE'
[DEBUG] Raw IR response from ESP32: 'OK WATER ANGLE'
[DEBUG] Raw IR response from ESP32: 'OK PUMP OFF'
[DEBUG] Raw IR response from ESP32: 'OK WATER ANGLE'
[DEBUG] Raw IR response from ESP32: 'OK PUMP OFF'
[DEBUG] Raw IR response from ESP32: 'OK WATER ANGLE'
[DEBUG] Raw IR response from ESP32: 'OK PUMP OFF'
[DEBUG] Raw IR response from ESP32: 'OK WATER ANGLE\r\nIR:0'
[DEBUG] Parsed IR status: {'center': 0, 'left': 0, 'right': 0}
[DEBUG] Raw IR response from ESP32: 'OK PUMP OFF'
[DEBUG] Raw IR response from ESP32: 'OK WATER ANGLE'
[DEBUG] Raw IR response from ESP32: 'OK PUMP OFF'
[DEBUG] Raw IR response from ESP32: 'OK WATER ANGLE\r\nIR:0'
[DEBUG] Parsed IR status: {'center': 0, 'left': 0, 'right': 0}
[DEBUG] Raw IR response from ESP32: 'OK PUMP OFF'
[DEBUG] Raw IR response from ESP32: 'OK WATER ANGLE'
[DEBUG] Raw IR response from ESP32: 'IR:0'
[DEBUG] Parsed IR status: {'center': 0, 'left': 0, 'right': 0}
[DEBUG] Raw IR response from ESP32: 'OK PUMP OFF'
[DEBUG] Raw IR response from ESP32: 'OK WATER ANGLE'
[DEBUG] Raw IR response from ESP32: 'IR:0'
[DEBUG] Parsed IR status: {'center': 0, 'left': 0, 'right': 0}
[DEBUG] Raw IR response from ESP32: 'OK PUMP OFF'
[DEBUG] Raw IR response from ESP32: 'OK PUMP OFF'
[DEBUG] Raw IR response from ESP32: 'OK WATER ANGLE'
[DEBUG] Raw IR response from ESP32: 'OK PUMP OFF'
[DEBUG] Raw IR response from ESP32: 'OK WATER ANGLE'
[DEBUG] Raw IR response from ESP32: 'OK PUMP OFF'
[DEBUG] Raw IR response from ESP32: 'OK WATER ANGLE'
[DEBUG] Raw IR response from ESP32: 'OK PUMP OFF'
[DEBUG] Raw IR response from ESP32: 'OK WATER ANGLE'
[DEBUG] Raw IR response from ESP32: 'OK PUMP OFF'
[DEBUG] Raw IR response from ESP32: 'OK WATER ANGLE'
[DEBUG] Raw IR response from ESP32: 'OK STOP'
[DEBUG] Raw IR response from ESP32: 'OK CAMERA ANGLE'
[DEBUG] Raw IR response from ESP32: 'IR:0'
[DEBUG] Parsed IR status: {'center': 0, 'left': 0, 'right': 0}
[DEBUG] Raw IR response from ESP32: 'OK STOP'
[DEBUG] Raw IR response from ESP32: 'IR:0'
[DEBUG] Parsed IR status: {'center': 0, 'left': 0, 'right': 0}
[DEBUG] Raw IR response from ESP32: 'OK STOP'
[DEBUG] Raw IR response from ESP32: 'IR:0'
[DEBUG] Parsed IR status: {'center': 0, 'left': 0, 'right': 0}
[DEBUG] Raw IR response from ESP32: 'OK STOP\r\nIR:0'
[DEBUG] Parsed IR status: {'center': 0, 'left': 0, 'right': 0}
[DEBUG] Raw IR response from ESP32: ''
[DEBUG] Raw IR response from ESP32: 'OK STOP\r\nIR:0'
[DEBUG] Parsed IR status: {'center': 0, 'left': 0, 'right': 0}
[DEBUG] Raw IR response from ESP32: ''
[DEBUG] Raw IR response from ESP32: 'OK STOP'

[INFO] Manual termination detected
[INFO] Shutting down rover safely...
[DEBUG] Raw IR response from ESP32: 'IR:0'
[DEBUG] Parsed IR status: {'center': 0, 'left': 0, 'right': 0}
[DEBUG] Raw IR response from ESP32: 'IR:0'
[DEBUG] Parsed IR status: {'center': 0, 'left': 0, 'right': 0}
[DEBUG] Raw IR response from ESP32: 'IR:0'
[DEBUG] Parsed IR status: {'center': 0, 'left': 0, 'right': 0}
[INFO] ESP32 disconnected successfully
[INFO] System shutdown complete
