[LOGGER] Logging to logs/run_1.log
[INFO] Connected to ESP32 at 192.168.4.1:3333
[INFO] Starting Fire Rover Decision System
Press Ctrl+C to terminate manually

[INFO] Starting Fire Rover Decision System
Press Ctrl+C or 'q' in the video window to terminate

[DEBUG] Raw IR response from ESP32: 'IR:0'
[DEBUG] Parsed IR status: {'center': 0, 'left': 0, 'right': 0}
[DEBUG] Raw IR response from ESP32: ''
[DEBUG] Raw IR response from ESP32: 'IR:0'
[DEBUG] Parsed IR status: {'center': 0, 'left': 0, 'right': 0}
[DEBUG] Raw IR response from ESP32: 'IR:0'
[DEBUG] Parsed IR status: {'center': 0, 'left': 0, 'right': 0}
[DEBUG] Raw IR response from ESP32: 'IR:0'
[DEBUG] Parsed IR status: {'center': 0, 'left': 0, 'right': 0}
[DEBUG] Raw IR response from ESP32: 'IR:0'
[DEBUG] Parsed IR status: {'center': 0, 'left': 0, 'right': 0}
[DEBUG] Raw IR response from ESP32: 'IR:0'
[DEBUG] Parsed IR status: {'center': 0, 'left': 0, 'right': 0}
[DEBUG] Raw IR response from ESP32: ''
[DEBUG] Raw IR response from ESP32: 'IR:0\r\nIR:0'
[DEBUG] Parsed IR status: {'center': 0, 'left': 0, 'right': 0}
[DEBUG] Raw IR response from ESP32: 'IR:0'
[DEBUG] Parsed IR status: {'center': 0, 'left': 0, 'right': 0}
[DEBUG] Raw IR response from ESP32: 'IR:0'
[DEBUG] Parsed IR status: {'center': 0, 'left': 0, 'right': 0}
[DEBUG] Raw IR response from ESP32: ''
[DEBUG] Raw IR response from ESP32: 'IR:0'
[DEBUG] Parsed IR status: {'center': 0, 'left': 0, 'right': 0}
[DEBUG] Raw IR response from ESP32: 'IR:0\r\nIR:0'
[DEBUG] Parsed IR status: {'center': 0, 'left': 0, 'right': 0}
[DEBUG] Raw IR response from ESP32: ''
[DEBUG] Raw IR response from ESP32: 'IR:0\r\nIR:0'
[DEBUG] Parsed IR status: {'center': 0, 'left': 0, 'right': 0}
[DEBUG] Raw IR response from ESP32: ''
[DEBUG] Raw IR response from ESP32: 'IR:0\r\nIR:0'
[DEBUG] Parsed IR status: {'center': 0, 'left': 0, 'right': 0}
[DEBUG] Raw IR response from ESP32: 'IR:0'
[DEBUG] Parsed IR status: {'center': 0, 'left': 0, 'right': 0}
[DEBUG] Raw IR response from ESP32: 'IR:0'
[DEBUG] Parsed IR status: {'center': 0, 'left': 0, 'right': 0}
[DEBUG] Raw IR response from ESP32: ''
[DEBUG] Raw IR response from ESP32: 'IR:0\r\nIR:0'
[DEBUG] Parsed IR status: {'center': 0, 'left': 0, 'right': 0}
[DEBUG] Raw IR response from ESP32: 'IR:0'
[DEBUG] Parsed IR status: {'center': 0, 'left': 0, 'right': 0}
[DEBUG] Raw IR response from ESP32: 'IR:0'
[DEBUG] Parsed IR status: {'center': 0, 'left': 0, 'right': 0}
[DEBUG] Raw IR response from ESP32: 'IR:0'
[DEBUG] Parsed IR status: {'center': 0, 'left': 0, 'right': 0}
[DEBUG] Raw IR response from ESP32: 'IR:0'
[DEBUG] Parsed IR status: {'center': 0, 'left': 0, 'right': 0}
[DEBUG] Raw IR response from ESP32: 'IR:0'
[DEBUG] Parsed IR status: {'center': 0, 'left': 0, 'right': 0}
[DEBUG] Raw IR response from ESP32: 'IR:0'
[DEBUG] Parsed IR status: {'center': 0, 'left': 0, 'right': 0}
[DEBUG] Raw IR response from ESP32: 'IR:0'
[DEBUG] Parsed IR status: {'center': 0, 'left': 0, 'right': 0}
[DEBUG] Raw IR response from ESP32: ''
[DEBUG] Raw IR response from ESP32: 'IR:0'
[DEBUG] Parsed IR status: {'center': 0, 'left': 0, 'right': 0}
[DEBUG] Raw IR response from ESP32: 'IR:0\r\nIR:0'
[DEBUG] Parsed IR status: {'center': 0, 'left': 0, 'right': 0}
[DEBUG] Raw IR response from ESP32: 'IR:0'
[DEBUG] Parsed IR status: {'center': 0, 'left': 0, 'right': 0}
[DEBUG] Raw IR response from ESP32: 'IR:0'
[DEBUG] Parsed IR status: {'center': 0, 'left': 0, 'right': 0}
[DEBUG] Raw IR response from ESP32: 'IR:0'
[DEBUG] Parsed IR status: {'center': 0, 'left': 0, 'right': 0}
[DEBUG] Raw IR response from ESP32: 'IR:0'
[DEBUG] Parsed IR status: {'center': 0, 'left': 0, 'right': 0}
[DEBUG] Raw IR response from ESP32: 'IR:0\r\nOK CAMERA ANGLE'
[DEBUG] Parsed IR status: {'center': 0, 'left': 0, 'right': 0}
[DEBUG] Raw IR response from ESP32: 'IR:0'
[DEBUG] Parsed IR status: {'center': 0, 'left': 0, 'right': 0}
[DEBUG] Raw IR response from ESP32: 'OK CAMERA ANGLE\r\nIR:0'
[DEBUG] Parsed IR status: {'center': 0, 'left': 0, 'right': 0}
[DEBUG] Raw IR response from ESP32: ''
[DEBUG] Raw IR response from ESP32: 'IR:0'
[DEBUG] Parsed IR status: {'center': 0, 'left': 0, 'right': 0}
[DEBUG] Raw IR response from ESP32: 'OK CAMERA ANGLE'
[DEBUG] Raw IR response from ESP32: 'OK CAMERA ANGLE'
[DEBUG] Raw IR response from ESP32: ''
[DEBUG] Raw IR response from ESP32: 'IR:0'
[DEBUG] Parsed IR status: {'center': 0, 'left': 0, 'right': 0}
[DEBUG] Raw IR response from ESP32: 'IR:0'
[DEBUG] Parsed IR status: {'center': 0, 'left': 0, 'right': 0}
[DEBUG] Raw IR response from ESP32: 'OK CAMERA ANGLE'
[DEBUG] Raw IR response from ESP32: 'IR:0'
[DEBUG] Parsed IR status: {'center': 0, 'left': 0, 'right': 0}
[DEBUG] Raw IR response from ESP32: 'IR:0'
[DEBUG] Parsed IR status: {'center': 0, 'left': 0, 'right': 0}
[DEBUG] Raw IR response from ESP32: 'IR:0'
[DEBUG] Parsed IR status: {'center': 0, 'left': 0, 'right': 0}
[DEBUG] Raw IR response from ESP32: 'OK CAMERA ANGLE'
[DEBUG] Raw IR response from ESP32: 'IR:0'
[DEBUG] Parsed IR status: {'center': 0, 'left': 0, 'right': 0}
[DEBUG] Raw IR response from ESP32: 'IR:0'
[DEBUG] Parsed IR status: {'center': 0, 'left': 0, 'right': 0}
[DEBUG] Raw IR response from ESP32: 'OK CAMERA ANGLE'
[DEBUG] Raw IR response from ESP32: 'IR:0'
[DEBUG] Parsed IR status: {'center': 0, 'left': 0, 'right': 0}
[DEBUG] Raw IR response from ESP32: 'OK CAMERA ANGLE'
[DEBUG] Raw IR response from ESP32: 'OK STOP'
[DEBUG] Fire aligned
[DEBUG] Raw IR response from ESP32: 'OK CAMERA ANGLE'
[DEBUG] Raw IR response from ESP32: 'OK STOP'
[DEBUG] Raw IR response from ESP32: 'IR:0'
[DEBUG] Parsed IR status: {'center': 0, 'left': 0, 'right': 0}
[DEBUG] Raw IR response from ESP32: 'IR:0'
[DEBUG] Parsed IR status: {'center': 0, 'left': 0, 'right': 0}
[DEBUG] Raw IR response from ESP32: 'OK MOVE FWD'
[DEBUG] Raw IR response from ESP32: 'IR:0'
[DEBUG] Parsed IR status: {'center': 0, 'left': 0, 'right': 0}
[DEBUG] Raw IR response from ESP32: 'IR:0'
[DEBUG] Parsed IR status: {'center': 0, 'left': 0, 'right': 0}
[DEBUG] Raw IR response from ESP32: 'OK STOP'
[DEBUG] Raw IR response from ESP32: 'IR:0'
[DEBUG] Parsed IR status: {'center': 0, 'left': 0, 'right': 0}
[DEBUG] Raw IR response from ESP32: 'OK CAMERA ANGLE'
[DEBUG] Raw IR response from ESP32: 'IR:0'
[DEBUG] Parsed IR status: {'center': 0, 'left': 0, 'right': 0}
[DEBUG] Raw IR response from ESP32: 'IR:0'
[DEBUG] Parsed IR status: {'center': 0, 'left': 0, 'right': 0}
[DEBUG] Raw IR response from ESP32: 'OK CAMERA ANGLE'
[DEBUG] Raw IR response from ESP32: 'IR:0'
[DEBUG] Parsed IR status: {'center': 0, 'left': 0, 'right': 0}
[DEBUG] Raw IR response from ESP32: 'IR:0'
[DEBUG] Parsed IR status: {'center': 0, 'left': 0, 'right': 0}
[DEBUG] Raw IR response from ESP32: 'OK CAMERA ANGLE'
[DEBUG] Raw IR response from ESP32: 'IR:0'
[DEBUG] Parsed IR status: {'center': 0, 'left': 0, 'right': 0}
[DEBUG] Raw IR response from ESP32: 'IR:0'
[DEBUG] Parsed IR status: {'center': 0, 'left': 0, 'right': 0}
[DEBUG] Raw IR response from ESP32: 'OK CAMERA ANGLE\r\nIR:0'
[DEBUG] Parsed IR status: {'center': 0, 'left': 0, 'right': 0}
[DEBUG] Raw IR response from ESP32: ''
[DEBUG] Raw IR response from ESP32: 'OK CAMERA ANGLE'
[DEBUG] Raw IR response from ESP32: 'IR:0'
[DEBUG] Parsed IR status: {'center': 0, 'left': 0, 'right': 0}
[DEBUG] Raw IR response from ESP32: 'OK CAMERA ANGLE'
[DEBUG] Raw IR response from ESP32: 'IR:0'
[DEBUG] Parsed IR status: {'center': 0, 'left': 0, 'right': 0}
[DEBUG] Raw IR response from ESP32: 'IR:0'
[DEBUG] Parsed IR status: {'center': 0, 'left': 0, 'right': 0}
[DEBUG] Raw IR response from ESP32: 'IR:0'
[DEBUG] Parsed IR status: {'center': 0, 'left': 0, 'right': 0}
[DEBUG] Raw IR response from ESP32: 'OK CAMERA ANGLE'
[DEBUG] Raw IR response from ESP32: 'IR:0'
[DEBUG] Parsed IR status: {'center': 0, 'left': 0, 'right': 0}
[DEBUG] Raw IR response from ESP32: 'IR:0'
[DEBUG] Parsed IR status: {'center': 0, 'left': 0, 'right': 0}
[DEBUG] Raw IR response from ESP32: 'OK CAMERA ANGLE'
[DEBUG] Raw IR response from ESP32: 'IR:0'
[DEBUG] Parsed IR status: {'center': 0, 'left': 0, 'right': 0}
[DEBUG] Raw IR response from ESP32: 'OK CAMERA ANGLE\r\nIR:0'
[DEBUG] Parsed IR status: {'center': 0, 'left': 0, 'right': 0}
[DEBUG] Raw IR response from ESP32: ''
[DEBUG] Raw IR response from ESP32: 'IR:0'
[DEBUG] Parsed IR status: {'center': 0, 'left': 0, 'right': 0}
[DEBUG] Raw IR response from ESP32: 'OK CAMERA ANGLE\r\nIR:0'
[DEBUG] Parsed IR status: {'center': 0, 'left': 0, 'right': 0}
[DEBUG] Raw IR response from ESP32: ''
[DEBUG] Raw IR response from ESP32: 'IR:0'
[DEBUG] Parsed IR status: {'center': 0, 'left': 0, 'right': 0}
[DEBUG] Raw IR response from ESP32: 'OK CAMERA ANGLE'
[DEBUG] Raw IR response from ESP32: 'IR:0'
[DEBUG] Parsed IR status: {'center': 0, 'left': 0, 'right': 0}
[DEBUG] Raw IR response from ESP32: 'IR:0'
[DEBUG] Parsed IR status: {'center': 0, 'left': 0, 'right': 0}
[DEBUG] Raw IR response from ESP32: 'OK CAMERA ANGLE'
[DEBUG] Raw IR response from ESP32: 'IR:0'
[DEBUG] Parsed IR status: {'center': 0, 'left': 0, 'right': 0}
[DEBUG] Raw IR response from ESP32: 'IR:0'
[DEBUG] Parsed IR status: {'center': 0, 'left': 0, 'right': 0}
[DEBUG] Raw IR response from ESP32: 'OK CAMERA ANGLE'
[DEBUG] Raw IR response from ESP32: 'IR:0'
[DEBUG] Parsed IR status: {'center': 0, 'left': 0, 'right': 0}
[DEBUG] Raw IR response from ESP32: 'OK CAMERA ANGLE'
[DEBUG] Raw IR response from ESP32: 'IR:0'
[DEBUG] Parsed IR status: {'center': 0, 'left': 0, 'right': 0}
[DEBUG] Raw IR response from ESP32: 'IR:0'
[DEBUG] Parsed IR status: {'center': 0, 'left': 0, 'right': 0}
[DEBUG] Raw IR response from ESP32: 'IR:0'
[DEBUG] Parsed IR status: {'center': 0, 'left': 0, 'right': 0}
[DEBUG] Raw IR response from ESP32: 'OK CAMERA ANGLE\r\nIR:0'
[DEBUG] Parsed IR status: {'center': 0, 'left': 0, 'right': 0}
[DEBUG] Raw IR response from ESP32: ''
[DEBUG] Raw IR response from ESP32: 'IR:0'
[DEBUG] Parsed IR status: {'center': 0, 'left': 0, 'right': 0}
[DEBUG] Raw IR response from ESP32: 'OK CAMERA ANGLE'
[DEBUG] Raw IR response from ESP32: 'IR:0'
[DEBUG] Parsed IR status: {'center': 0, 'left': 0, 'right': 0}
[DEBUG] Raw IR response from ESP32: 'OK CAMERA ANGLE'
[DEBUG] Raw IR response from ESP32: 'IR:0'
[DEBUG] Parsed IR status: {'center': 0, 'left': 0, 'right': 0}
[DEBUG] Raw IR response from ESP32: 'IR:0'
[DEBUG] Parsed IR status: {'center': 0, 'left': 0, 'right': 0}
[DEBUG] Raw IR response from ESP32: 'IR:0'
[DEBUG] Parsed IR status: {'center': 0, 'left': 0, 'right': 0}
[DEBUG] Raw IR response from ESP32: 'OK CAMERA ANGLE\r\nIR:0'
[DEBUG] Parsed IR status: {'center': 0, 'left': 0, 'right': 0}
[DEBUG] Raw IR response from ESP32: 'IR:0'
[DEBUG] Parsed IR status: {'center': 0, 'left': 0, 'right': 0}
[DEBUG] Raw IR response from ESP32: 'IR:0\r\nOK CAMERA ANGLE'
[DEBUG] Parsed IR status: {'center': 0, 'left': 0, 'right': 0}
[DEBUG] Raw IR response from ESP32: 'OK STOP'
[DEBUG] Raw IR response from ESP32: 'OK CAMERA ANGLE'
[DEBUG] Raw IR response from ESP32: 'OK CAMERA ANGLE'
[DEBUG] Raw IR response from ESP32: 'OK TURN RIGHT'
[DEBUG] Raw IR response from ESP32: 'OK CAMERA ANGLE'
[DEBUG] Raw IR response from ESP32: 'OK CAMERA ANGLE'
[DEBUG] Raw IR response from ESP32: 'OK TURN RIGHT'
[DEBUG] Raw IR response from ESP32: 'OK CAMERA ANGLE'
[DEBUG] Raw IR response from ESP32: 'OK TURN RIGHT'
[DEBUG] Raw IR response from ESP32: 'OK CAMERA ANGLE'
[DEBUG] Raw IR response from ESP32: 'OK TURN RIGHT\r\nIR:0'
[DEBUG] Parsed IR status: {'center': 0, 'left': 0, 'right': 0}
[DEBUG] Fire aligned
[DEBUG] Raw IR response from ESP32: 'OK CAMERA ANGLE'
[DEBUG] Raw IR response from ESP32: 'OK STOP'
[DEBUG] Raw IR response from ESP32: 'IR:0'
[DEBUG] Parsed IR status: {'center': 0, 'left': 0, 'right': 0}
[DEBUG] Raw IR response from ESP32: 'IR:0'
[DEBUG] Parsed IR status: {'center': 0, 'left': 0, 'right': 0}
[DEBUG] Raw IR response from ESP32: 'OK MOVE FWD'
[DEBUG] Raw IR response from ESP32: 'IR:0'
[DEBUG] Parsed IR status: {'center': 0, 'left': 0, 'right': 0}
[DEBUG] Raw IR response from ESP32: 'OK MOVE FWD'
[DEBUG] Raw IR response from ESP32: 'IR:0'
[DEBUG] Parsed IR status: {'center': 0, 'left': 0, 'right': 0}
[DEBUG] Raw IR response from ESP32: 'IR:0'
[DEBUG] Parsed IR status: {'center': 0, 'left': 0, 'right': 0}
[DEBUG] Raw IR response from ESP32: 'OK MOVE FWD\r\nIR:0'
[DEBUG] Parsed IR status: {'center': 0, 'left': 0, 'right': 0}
[DEBUG] Raw IR response from ESP32: ''
[DEBUG] Raw IR response from ESP32: 'OK MOVE FWD'
[DEBUG] Raw IR response from ESP32: 'IR:0'
[DEBUG] Parsed IR status: {'center': 0, 'left': 0, 'right': 0}
[DEBUG] Raw IR response from ESP32: 'IR:0'
[DEBUG] Parsed IR status: {'center': 0, 'left': 0, 'right': 0}
[DEBUG] Raw IR response from ESP32: 'OK MOVE FWD'
[DEBUG] Raw IR response from ESP32: 'IR:0'
[DEBUG] Parsed IR status: {'center': 0, 'left': 0, 'right': 0}
[DEBUG] Raw IR response from ESP32: 'IR:0'
[DEBUG] Parsed IR status: {'center': 0, 'left': 0, 'right': 0}
[DEBUG] Raw IR response from ESP32: 'OK MOVE FWD'
[DEBUG] Raw IR response from ESP32: 'IR:0'
[DEBUG] Parsed IR status: {'center': 0, 'left': 0, 'right': 0}
[DEBUG] Raw IR response from ESP32: 'OK MOVE FWD'
[DEBUG] Raw IR response from ESP32: 'IR:0'
[DEBUG] Parsed IR status: {'center': 0, 'left': 0, 'right': 0}
[DEBUG] Raw IR response from ESP32: 'IR:0'
[DEBUG] Parsed IR status: {'center': 0, 'left': 0, 'right': 0}
[DEBUG] Raw IR response from ESP32: 'OK MOVE FWD'
[DEBUG] Raw IR response from ESP32: 'IR:0\r\nOK MOVE FWD'
[DEBUG] Parsed IR status: {'center': 0, 'left': 0, 'right': 0}
[DEBUG] Raw IR response from ESP32: 'IR:0'
[DEBUG] Parsed IR status: {'center': 0, 'left': 0, 'right': 0}
[DEBUG] Raw IR response from ESP32: 'OK MOVE FWD\r\nIR:0'
[DEBUG] Parsed IR status: {'center': 0, 'left': 0, 'right': 0}
[DEBUG] Raw IR response from ESP32: ''
[DEBUG] Raw IR response from ESP32: 'OK MOVE FWD\r\nIR:0'
[DEBUG] Parsed IR status: {'center': 0, 'left': 0, 'right': 0}
[DEBUG] Raw IR response from ESP32: ''
[DEBUG] Raw IR response from ESP32: 'IR:0'
[DEBUG] Parsed IR status: {'center': 0, 'left': 0, 'right': 0}
[DEBUG] Raw IR response from ESP32: 'OK CAMERA ANGLE\r\nIR:0'
[DEBUG] Parsed IR status: {'center': 0, 'left': 0, 'right': 0}
[DEBUG] Raw IR response from ESP32: 'IR:0'
[DEBUG] Parsed IR status: {'center': 0, 'left': 0, 'right': 0}
[DEBUG] Raw IR response from ESP32: 'IR:0'
[DEBUG] Parsed IR status: {'center': 0, 'left': 0, 'right': 0}
[DEBUG] Raw IR response from ESP32: 'OK CAMERA ANGLE'
[DEBUG] Raw IR response from ESP32: 'IR:1'
[DEBUG] Parsed IR status: {'center': 1, 'left': 0, 'right': 0}
[DEBUG] Raw IR response from ESP32: 'IR:0'
[DEBUG] Parsed IR status: {'center': 0, 'left': 0, 'right': 0}
[DEBUG] Raw IR response from ESP32: 'OK CAMERA ANGLE'
[DEBUG] Raw IR response from ESP32: 'IR:1'
[DEBUG] Parsed IR status: {'center': 1, 'left': 0, 'right': 0}
[DEBUG] Raw IR response from ESP32: 'OK CAMERA ANGLE'
[DEBUG] Raw IR response from ESP32: 'IR:1'
[DEBUG] Parsed IR status: {'center': 1, 'left': 0, 'right': 0}
[DEBUG] Raw IR response from ESP32: 'OK CAMERA ANGLE'
[DEBUG] Raw IR response from ESP32: 'IR:1'
[DEBUG] Parsed IR status: {'center': 1, 'left': 0, 'right': 0}
[DEBUG] Raw IR response from ESP32: 'OK STOP'
[DEBUG] Raw IR response from ESP32: 'OK CAMERA ANGLE'
[DEBUG] Raw IR response from ESP32: 'IR:1'
[DEBUG] Parsed IR status: {'center': 1, 'left': 0, 'right': 0}
[DEBUG] Fire aligned
[DEBUG] Raw IR response from ESP32: 'OK CAMERA ANGLE'
[DEBUG] Raw IR response from ESP32: 'IR:1'
[DEBUG] Parsed IR status: {'center': 1, 'left': 0, 'right': 0}
[DEBUG] Raw IR response from ESP32: 'OK MOVE FWD\r\nIR:1'
[DEBUG] Parsed IR status: {'center': 1, 'left': 0, 'right': 0}
[INFO] Shutting down rover safely...
[DEBUG] Raw IR response from ESP32: 'IR:1'
[DEBUG] Parsed IR status: {'center': 1, 'left': 0, 'right': 0}
[DEBUG] Raw IR response from ESP32: 'IR:1'
[DEBUG] Parsed IR status: {'center': 1, 'left': 0, 'right': 0}
[DEBUG] Raw IR response from ESP32: 'IR:1'
[DEBUG] Parsed IR status: {'center': 1, 'left': 0, 'right': 0}
Traceback (most recent call last):
  File "C:\Users\Faizan\Desktop\esp32_rover\prototype_3\main.py", line 51, in <module>
    main()
  File "C:\Users\Faizan\Desktop\esp32_rover\prototype_3\main.py", line 33, in main
    rover.run()
  File "C:\Users\Faizan\Desktop\esp32_rover\prototype_3\decisions.py", line 256, in run
    if self.approach_fire():
       ^^^^^^^^^^^^^^^^^^^^
  File "C:\Users\Faizan\Desktop\esp32_rover\prototype_3\decisions.py", line 169, in approach_fire
      File "C:\Users\Faizan\Desktop\esp32_rover\prototype_3\utils\logger.py", line 12, in write
    self.log.write(message)
  File "C:\Users\Faizan\AppData\Local\Programs\Python\Python312\Lib\encodings\cp1252.py", line 19, in encode
    return codecs.charmap_encode(input,self.errors,encoding_table)[0]
           ^^^^^^^^^^^^^^^^^^^^^^^^^^^^^^^^^^^^^^^^^^^^^^^^^^^^^^^
UnicodeEncodeError: 'charmap' codec can't encode character '\u2192' in position 28: character maps to <undefined>
