[LOGGER] Logging to logs/run_40.log
[INFO] Connected to ESP32 at 192.168.4.1:3333
[INFO] Starting Fire Rover Decision System
Press Ctrl+C to terminate manually

[INFO] Starting Fire Rover Decision System
Press Ctrl+C or 'q' in the video window to terminate

[DEBUG] Raw IR response from ESP32: 'IR:0'
[DEBUG] Parsed IR status: {'center': 0, 'left': 0, 'right': 0}
[DEBUG] Raw IR response from ESP32: ''
[DEBUG] Raw IR response from ESP32: 'IR:0'
[DEBUG] Parsed IR status: {'center': 0, 'left': 0, 'right': 0}
[DEBUG] Raw IR response from ESP32: 'IR:0'
[DEBUG] Parsed IR status: {'center': 0, 'left': 0, 'right': 0}
[DEBUG] Raw IR response from ESP32: ''
[DEBUG] Raw IR response from ESP32: 'IR:0\r\nIR:0'
[DEBUG] Parsed IR status: {'center': 0, 'left': 0, 'right': 0}
[DEBUG] Raw IR response from ESP32: 'IR:0'
[DEBUG] Parsed IR status: {'center': 0, 'left': 0, 'right': 0}
[DEBUG] Raw IR response from ESP32: 'IR:0'
[DEBUG] Parsed IR status: {'center': 0, 'left': 0, 'right': 0}
[DEBUG] Raw IR response from ESP32: 'IR:0'
[DEBUG] Parsed IR status: {'center': 0, 'left': 0, 'right': 0}
[DEBUG] Raw IR response from ESP32: 'IR:0'
[DEBUG] Parsed IR status: {'center': 0, 'left': 0, 'right': 0}
[DEBUG] Raw IR response from ESP32: 'IR:0'
[DEBUG] Parsed IR status: {'center': 0, 'left': 0, 'right': 0}
[DEBUG] Raw IR response from ESP32: 'IR:0'
[DEBUG] Parsed IR status: {'center': 0, 'left': 0, 'right': 0}
[DEBUG] Raw IR response from ESP32: ''
[DEBUG] Raw IR response from ESP32: 'IR:0'
[DEBUG] Parsed IR status: {'center': 0, 'left': 0, 'right': 0}
[DEBUG] Raw IR response from ESP32: 'IR:0\r\nIR:0'
[DEBUG] Parsed IR status: {'center': 0, 'left': 0, 'right': 0}
[DEBUG] Raw IR response from ESP32: ''
[DEBUG] Raw IR response from ESP32: 'IR:0'
[DEBUG] Parsed IR status: {'center': 0, 'left': 0, 'right': 0}
[DEBUG] Raw IR response from ESP32: 'IR:0\r\nIR:0'
[DEBUG] Parsed IR status: {'center': 0, 'left': 0, 'right': 0}
[DEBUG] Raw IR response from ESP32: ''
[DEBUG] Raw IR response from ESP32: 'IR:0'
[DEBUG] Parsed IR status: {'center': 0, 'left': 0, 'right': 0}
[DEBUG] Raw IR response from ESP32: 'IR:0\r\nIR:0'
[DEBUG] Parsed IR status: {'center': 0, 'left': 0, 'right': 0}
[DEBUG] Raw IR response from ESP32: ''
[DEBUG] Raw IR response from ESP32: 'IR:0'
[DEBUG] Parsed IR status: {'center': 0, 'left': 0, 'right': 0}
[DEBUG] Raw IR response from ESP32: 'IR:0'
[DEBUG] Parsed IR status: {'center': 0, 'left': 0, 'right': 0}
[DEBUG] Raw IR response from ESP32: 'IR:0\r\nIR:0'
[DEBUG] Parsed IR status: {'center': 0, 'left': 0, 'right': 0}
[DEBUG] Raw IR response from ESP32: 'IR:0'
[DEBUG] Parsed IR status: {'center': 0, 'left': 0, 'right': 0}
[DEBUG] Raw IR response from ESP32: 'IR:0'
[DEBUG] Parsed IR status: {'center': 0, 'left': 0, 'right': 0}
[DEBUG] Raw IR response from ESP32: ''
[DEBUG] Raw IR response from ESP32: 'IR:0'
[DEBUG] Parsed IR status: {'center': 0, 'left': 0, 'right': 0}
[DEBUG] Raw IR response from ESP32: 'IR:0'
[DEBUG] Parsed IR status: {'center': 0, 'left': 0, 'right': 0}
[DEBUG] Raw IR response from ESP32: 'IR:0'
[DEBUG] Parsed IR status: {'center': 0, 'left': 0, 'right': 0}
[DEBUG] Raw IR response from ESP32: 'IR:0'
[DEBUG] Parsed IR status: {'center': 0, 'left': 0, 'right': 0}
[DEBUG] Raw IR response from ESP32: 'IR:0\r\nIR:0'
[DEBUG] Parsed IR status: {'center': 0, 'left': 0, 'right': 0}
[DEBUG] Raw IR response from ESP32: ''
[DEBUG] Raw IR response from ESP32: 'IR:0'
[DEBUG] Parsed IR status: {'center': 0, 'left': 0, 'right': 0}
[DEBUG] Raw IR response from ESP32: 'IR:0'
[DEBUG] Parsed IR status: {'center': 0, 'left': 0, 'right': 0}
[DEBUG] Raw IR response from ESP32: 'OK CAMERA ANGLE'
[DEBUG] Raw IR response from ESP32: 'IR:0'
[DEBUG] Parsed IR status: {'center': 0, 'left': 0, 'right': 0}
[DEBUG] Raw IR response from ESP32: 'IR:0'
[DEBUG] Parsed IR status: {'center': 0, 'left': 0, 'right': 0}
[DEBUG] Raw IR response from ESP32: 'OK CAMERA ANGLE'
[DEBUG] Raw IR response from ESP32: 'IR:0'
[DEBUG] Parsed IR status: {'center': 0, 'left': 0, 'right': 0}
[DEBUG] Raw IR response from ESP32: 'OK CAMERA ANGLE'
[DEBUG] Raw IR response from ESP32: 'IR:0'
[DEBUG] Parsed IR status: {'center': 0, 'left': 0, 'right': 0}
[DEBUG] Raw IR response from ESP32: 'OK CAMERA ANGLE'
[DEBUG] Raw IR response from ESP32: 'IR:0'
[DEBUG] Parsed IR status: {'center': 0, 'left': 0, 'right': 0}
[DEBUG] Raw IR response from ESP32: 'OK CAMERA ANGLE'
[DEBUG] Raw IR response from ESP32: 'IR:0'
[DEBUG] Parsed IR status: {'center': 0, 'left': 0, 'right': 0}
[DEBUG] Raw IR response from ESP32: 'OK CAMERA ANGLE'
[DEBUG] Raw IR response from ESP32: 'IR:0'
[DEBUG] Parsed IR status: {'center': 0, 'left': 0, 'right': 0}
[DEBUG] Raw IR response from ESP32: 'OK CAMERA ANGLE'
[DEBUG] Raw IR response from ESP32: 'IR:0'
[DEBUG] Parsed IR status: {'center': 0, 'left': 0, 'right': 0}
[DEBUG] Raw IR response from ESP32: 'IR:0'
[DEBUG] Parsed IR status: {'center': 0, 'left': 0, 'right': 0}
[DEBUG] Raw IR response from ESP32: 'OK CAMERA ANGLE'
[DEBUG] Raw IR response from ESP32: 'IR:0'
[DEBUG] Parsed IR status: {'center': 0, 'left': 0, 'right': 0}
[DEBUG] Raw IR response from ESP32: 'OK CAMERA ANGLE'
[DEBUG] Raw IR response from ESP32: 'IR:0'
[DEBUG] Parsed IR status: {'center': 0, 'left': 0, 'right': 0}
[DEBUG] Raw IR response from ESP32: 'OK CAMERA ANGLE'
[DEBUG] Raw IR response from ESP32: 'IR:0'
[DEBUG] Parsed IR status: {'center': 0, 'left': 0, 'right': 0}
[DEBUG] Raw IR response from ESP32: 'OK CAMERA ANGLE\r\nIR:0'
[DEBUG] Parsed IR status: {'center': 0, 'left': 0, 'right': 0}
[DEBUG] Raw IR response from ESP32: ''
[DEBUG] Raw IR response from ESP32: 'OK CAMERA ANGLE\r\nIR:0'
[DEBUG] Parsed IR status: {'center': 0, 'left': 0, 'right': 0}
[DEBUG] Raw IR response from ESP32: 'IR:0'
[DEBUG] Parsed IR status: {'center': 0, 'left': 0, 'right': 0}
[DEBUG] Raw IR response from ESP32: ''
[DEBUG] Raw IR response from ESP32: 'OK CAMERA ANGLE'
[DEBUG] Raw IR response from ESP32: 'IR:0'
[DEBUG] Parsed IR status: {'center': 0, 'left': 0, 'right': 0}
[DEBUG] Raw IR response from ESP32: 'OK CAMERA ANGLE\r\nIR:0'
[DEBUG] Parsed IR status: {'center': 0, 'left': 0, 'right': 0}
[DEBUG] Raw IR response from ESP32: ''
[DEBUG] Raw IR response from ESP32: 'OK CAMERA ANGLE'
[DEBUG] Raw IR response from ESP32: 'IR:0'
[DEBUG] Parsed IR status: {'center': 0, 'left': 0, 'right': 0}
[DEBUG] Raw IR response from ESP32: 'IR:0'
[DEBUG] Parsed IR status: {'center': 0, 'left': 0, 'right': 0}
[DEBUG] Raw IR response from ESP32: 'IR:0'
[DEBUG] Parsed IR status: {'center': 0, 'left': 0, 'right': 0}
[DEBUG] Raw IR response from ESP32: 'OK CAMERA ANGLE'
[DEBUG] Raw IR response from ESP32: 'IR:0'
[DEBUG] Parsed IR status: {'center': 0, 'left': 0, 'right': 0}
[DEBUG] Raw IR response from ESP32: 'OK CAMERA ANGLE\r\nIR:0'
[DEBUG] Parsed IR status: {'center': 0, 'left': 0, 'right': 0}
[DEBUG] Raw IR response from ESP32: ''
[DEBUG] Raw IR response from ESP32: 'OK CAMERA ANGLE'
[DEBUG] Raw IR response from ESP32: 'IR:0'
[DEBUG] Parsed IR status: {'center': 0, 'left': 0, 'right': 0}
[DEBUG] Raw IR response from ESP32: 'IR:0'
[DEBUG] Parsed IR status: {'center': 0, 'left': 0, 'right': 0}
[DEBUG] Raw IR response from ESP32: 'OK CAMERA ANGLE\r\nIR:0'
[DEBUG] Parsed IR status: {'center': 0, 'left': 0, 'right': 0}
[DEBUG] Raw IR response from ESP32: ''
[DEBUG] Raw IR response from ESP32: 'IR:0'
[DEBUG] Parsed IR status: {'center': 0, 'left': 0, 'right': 0}
[DEBUG] Raw IR response from ESP32: 'OK CAMERA ANGLE\r\nIR:0'
[DEBUG] Parsed IR status: {'center': 0, 'left': 0, 'right': 0}
[DEBUG] Raw IR response from ESP32: 'OK CAMERA ANGLE'
[DEBUG] Raw IR response from ESP32: ''
[DEBUG] Raw IR response from ESP32: 'IR:0'
[DEBUG] Parsed IR status: {'center': 0, 'left': 0, 'right': 0}
[DEBUG] Raw IR response from ESP32: 'OK CAMERA ANGLE'
[DEBUG] Raw IR response from ESP32: 'IR:0'
[DEBUG] Parsed IR status: {'center': 0, 'left': 0, 'right': 0}
[DEBUG] Raw IR response from ESP32: 'IR:0'
[DEBUG] Parsed IR status: {'center': 0, 'left': 0, 'right': 0}
[DEBUG] Raw IR response from ESP32: 'OK CAMERA ANGLE'
[DEBUG] Raw IR response from ESP32: 'IR:0'
[DEBUG] Parsed IR status: {'center': 0, 'left': 0, 'right': 0}
[DEBUG] Raw IR response from ESP32: 'OK CAMERA ANGLE'
[DEBUG] Raw IR response from ESP32: 'IR:0'
[DEBUG] Parsed IR status: {'center': 0, 'left': 0, 'right': 0}
[DEBUG] Raw IR response from ESP32: 'IR:0'
[DEBUG] Parsed IR status: {'center': 0, 'left': 0, 'right': 0}
[DEBUG] Raw IR response from ESP32: 'OK CAMERA ANGLE'
[DEBUG] Raw IR response from ESP32: 'IR:0'
[DEBUG] Parsed IR status: {'center': 0, 'left': 0, 'right': 0}
[DEBUG] Raw IR response from ESP32: 'OK CAMERA ANGLE\r\nIR:0'
[DEBUG] Parsed IR status: {'center': 0, 'left': 0, 'right': 0}
[DEBUG] Raw IR response from ESP32: ''
[DEBUG] Raw IR response from ESP32: 'IR:0\r\nOK CAMERA ANGLE'
[DEBUG] Parsed IR status: {'center': 0, 'left': 0, 'right': 0}
[DEBUG] Raw IR response from ESP32: ''
[DEBUG] Raw IR response from ESP32: 'IR:0'
[DEBUG] Parsed IR status: {'center': 0, 'left': 0, 'right': 0}
[DEBUG] Raw IR response from ESP32: 'IR:0'
[DEBUG] Parsed IR status: {'center': 0, 'left': 0, 'right': 0}
[DEBUG] Raw IR response from ESP32: 'OK CAMERA ANGLE\r\nIR:0'
[DEBUG] Parsed IR status: {'center': 0, 'left': 0, 'right': 0}
[DEBUG] Raw IR response from ESP32: 'IR:0'
[DEBUG] Parsed IR status: {'center': 0, 'left': 0, 'right': 0}
[DEBUG] Raw IR response from ESP32: 'OK CAMERA ANGLE'
[DEBUG] Raw IR response from ESP32: 'IR:0'
[DEBUG] Parsed IR status: {'center': 0, 'left': 0, 'right': 0}
[DEBUG] Raw IR response from ESP32: 'OK CAMERA ANGLE'
[DEBUG] Raw IR response from ESP32: 'IR:0'
[DEBUG] Parsed IR status: {'center': 0, 'left': 0, 'right': 0}
[DEBUG] Raw IR response from ESP32: 'IR:0'
[DEBUG] Parsed IR status: {'center': 0, 'left': 0, 'right': 0}
[DEBUG] Raw IR response from ESP32: 'OK CAMERA ANGLE'
[DEBUG] Raw IR response from ESP32: 'IR:0'
[DEBUG] Parsed IR status: {'center': 0, 'left': 0, 'right': 0}
[DEBUG] Raw IR response from ESP32: 'OK CAMERA ANGLE'
[DEBUG] Raw IR response from ESP32: 'IR:0'
[DEBUG] Parsed IR status: {'center': 0, 'left': 0, 'right': 0}
[DEBUG] Raw IR response from ESP32: 'IR:0'
[DEBUG] Parsed IR status: {'center': 0, 'left': 0, 'right': 0}
[DEBUG] Raw IR response from ESP32: 'OK CAMERA ANGLE'
[DEBUG] Raw IR response from ESP32: 'IR:0'
[DEBUG] Parsed IR status: {'center': 0, 'left': 0, 'right': 0}
[DEBUG] Raw IR response from ESP32: 'OK CAMERA ANGLE'
[DEBUG] Raw IR response from ESP32: 'OK CAMERA ANGLE'
[DEBUG] Raw IR response from ESP32: 'OK CAMERA ANGLE'
[DEBUG] Raw IR response from ESP32: ''
[DEBUG] Raw IR response from ESP32: 'IR:0'
[DEBUG] Parsed IR status: {'center': 0, 'left': 0, 'right': 0}
[DEBUG] Raw IR response from ESP32: 'OK CAMERA ANGLE\r\nIR:0'
[DEBUG] Parsed IR status: {'center': 0, 'left': 0, 'right': 0}
[DEBUG] Raw IR response from ESP32: ''
[DEBUG] Raw IR response from ESP32: 'IR:0'
[DEBUG] Parsed IR status: {'center': 0, 'left': 0, 'right': 0}
[DEBUG] Raw IR response from ESP32: 'OK CAMERA ANGLE'
[DEBUG] Raw IR response from ESP32: 'IR:0'
[DEBUG] Parsed IR status: {'center': 0, 'left': 0, 'right': 0}
[DEBUG] Raw IR response from ESP32: 'OK CAMERA ANGLE'
[DEBUG] Raw IR response from ESP32: 'IR:0'
[DEBUG] Parsed IR status: {'center': 0, 'left': 0, 'right': 0}
[DEBUG] Raw IR response from ESP32: 'IR:0'
[DEBUG] Parsed IR status: {'center': 0, 'left': 0, 'right': 0}
[DEBUG] Raw IR response from ESP32: 'OK CAMERA ANGLE\r\nIR:0'
[DEBUG] Parsed IR status: {'center': 0, 'left': 0, 'right': 0}
[DEBUG] Raw IR response from ESP32: 'IR:0'
[DEBUG] Parsed IR status: {'center': 0, 'left': 0, 'right': 0}
[DEBUG] Raw IR response from ESP32: 'OK CAMERA ANGLE'
[DEBUG] Raw IR response from ESP32: 'IR:0'
[DEBUG] Parsed IR status: {'center': 0, 'left': 0, 'right': 0}
[DEBUG] Raw IR response from ESP32: 'OK CAMERA ANGLE'
[DEBUG] Raw IR response from ESP32: 'IR:0'
[DEBUG] Parsed IR status: {'center': 0, 'left': 0, 'right': 0}
[DEBUG] Raw IR response from ESP32: 'OK CAMERA ANGLE'
[DEBUG] Raw IR response from ESP32: 'IR:0'
[DEBUG] Parsed IR status: {'center': 0, 'left': 0, 'right': 0}
[DEBUG] Raw IR response from ESP32: 'IR:0'
[DEBUG] Parsed IR status: {'center': 0, 'left': 0, 'right': 0}
[DEBUG] Raw IR response from ESP32: 'OK CAMERA ANGLE\r\nIR:0'
[DEBUG] Parsed IR status: {'center': 0, 'left': 0, 'right': 0}
[DEBUG] Raw IR response from ESP32: ''
[DEBUG] Raw IR response from ESP32: 'OK CAMERA ANGLE'
[DEBUG] Raw IR response from ESP32: 'IR:0'
[DEBUG] Parsed IR status: {'center': 0, 'left': 0, 'right': 0}
[DEBUG] Raw IR response from ESP32: 'IR:0'
[DEBUG] Parsed IR status: {'center': 0, 'left': 0, 'right': 0}
[DEBUG] Raw IR response from ESP32: 'OK CAMERA ANGLE'
[DEBUG] Raw IR response from ESP32: 'IR:0'
[DEBUG] Parsed IR status: {'center': 0, 'left': 0, 'right': 0}
[DEBUG] Raw IR response from ESP32: 'OK CAMERA ANGLE'
[DEBUG] Raw IR response from ESP32: 'IR:0'
[DEBUG] Parsed IR status: {'center': 0, 'left': 0, 'right': 0}
[DEBUG] Raw IR response from ESP32: 'IR:0'
[DEBUG] Parsed IR status: {'center': 0, 'left': 0, 'right': 0}
[DEBUG] Raw IR response from ESP32: 'IR:0'
[DEBUG] Parsed IR status: {'center': 0, 'left': 0, 'right': 0}
[DEBUG] Raw IR response from ESP32: 'OK CAMERA ANGLE'
[DEBUG] Raw IR response from ESP32: 'IR:0'
[DEBUG] Parsed IR status: {'center': 0, 'left': 0, 'right': 0}
[DEBUG] Raw IR response from ESP32: 'IR:0'
[DEBUG] Parsed IR status: {'center': 0, 'left': 0, 'right': 0}
[DEBUG] Raw IR response from ESP32: 'OK CAMERA ANGLE\r\nIR:0'
[DEBUG] Parsed IR status: {'center': 0, 'left': 0, 'right': 0}
[DEBUG] Raw IR response from ESP32: ''
[DEBUG] Raw IR response from ESP32: 'OK CAMERA ANGLE\r\nIR:0'
[DEBUG] Parsed IR status: {'center': 0, 'left': 0, 'right': 0}
[DEBUG] Raw IR response from ESP32: ''
[DEBUG] Raw IR response from ESP32: 'IR:0'
[DEBUG] Parsed IR status: {'center': 0, 'left': 0, 'right': 0}
[DEBUG] Raw IR response from ESP32: 'OK CAMERA ANGLE'
[DEBUG] Raw IR response from ESP32: 'IR:0'
[DEBUG] Parsed IR status: {'center': 0, 'left': 0, 'right': 0}
[DEBUG] Raw IR response from ESP32: 'OK CAMERA ANGLE'
[DEBUG] Raw IR response from ESP32: 'IR:0'
[DEBUG] Parsed IR status: {'center': 0, 'left': 0, 'right': 0}
[DEBUG] Raw IR response from ESP32: 'OK CAMERA ANGLE'
[DEBUG] Raw IR response from ESP32: 'IR:0'
[DEBUG] Parsed IR status: {'center': 0, 'left': 0, 'right': 0}
[DEBUG] Raw IR response from ESP32: 'OK CAMERA ANGLE'
[DEBUG] Raw IR response from ESP32: 'IR:0'
[DEBUG] Parsed IR status: {'center': 0, 'left': 0, 'right': 0}
[DEBUG] Raw IR response from ESP32: 'IR:0'
[DEBUG] Parsed IR status: {'center': 0, 'left': 0, 'right': 0}
[DEBUG] Raw IR response from ESP32: 'OK CAMERA ANGLE'
[DEBUG] Raw IR response from ESP32: 'IR:0'
[DEBUG] Parsed IR status: {'center': 0, 'left': 0, 'right': 0}
[DEBUG] Raw IR response from ESP32: 'OK CAMERA ANGLE\r\nIR:0'
[DEBUG] Parsed IR status: {'center': 0, 'left': 0, 'right': 0}
[DEBUG] Raw IR response from ESP32: ''
[DEBUG] Raw IR response from ESP32: 'OK CAMERA ANGLE\r\nIR:0'
[DEBUG] Parsed IR status: {'center': 0, 'left': 0, 'right': 0}
[DEBUG] Raw IR response from ESP32: ''
[DEBUG] Raw IR response from ESP32: 'IR:0'
[DEBUG] Parsed IR status: {'center': 0, 'left': 0, 'right': 0}
[DEBUG] Raw IR response from ESP32: 'OK CAMERA ANGLE'
[DEBUG] Raw IR response from ESP32: 'IR:0'
[DEBUG] Parsed IR status: {'center': 0, 'left': 0, 'right': 0}
[DEBUG] Raw IR response from ESP32: 'OK CAMERA ANGLE'
[DEBUG] Raw IR response from ESP32: 'IR:0'
[DEBUG] Parsed IR status: {'center': 0, 'left': 0, 'right': 0}
[DEBUG] Raw IR response from ESP32: 'OK CAMERA ANGLE'
[DEBUG] Raw IR response from ESP32: 'IR:0'
[DEBUG] Parsed IR status: {'center': 0, 'left': 0, 'right': 0}
[DEBUG] Raw IR response from ESP32: 'IR:0'
[DEBUG] Parsed IR status: {'center': 0, 'left': 0, 'right': 0}
[DEBUG] Raw IR response from ESP32: 'OK CAMERA ANGLE'
[DEBUG] Raw IR response from ESP32: 'IR:0'
[DEBUG] Parsed IR status: {'center': 0, 'left': 0, 'right': 0}
[DEBUG] Raw IR response from ESP32: 'OK CAMERA ANGLE'
[DEBUG] Raw IR response from ESP32: 'IR:0'
[DEBUG] Parsed IR status: {'center': 0, 'left': 0, 'right': 0}
[DEBUG] Raw IR response from ESP32: 'OK CAMERA ANGLE'
[DEBUG] Raw IR response from ESP32: 'IR:0'
[DEBUG] Parsed IR status: {'center': 0, 'left': 0, 'right': 0}
[DEBUG] Raw IR response from ESP32: 'IR:0'
[DEBUG] Parsed IR status: {'center': 0, 'left': 0, 'right': 0}
[DEBUG] Raw IR response from ESP32: 'OK CAMERA ANGLE'
[DEBUG] Raw IR response from ESP32: 'IR:0'
[DEBUG] Parsed IR status: {'center': 0, 'left': 0, 'right': 0}
[DEBUG] Raw IR response from ESP32: 'OK CAMERA ANGLE'
[DEBUG] Raw IR response from ESP32: 'IR:0'
[DEBUG] Parsed IR status: {'center': 0, 'left': 0, 'right': 0}
[DEBUG] Raw IR response from ESP32: 'OK CAMERA ANGLE'
[DEBUG] Raw IR response from ESP32: 'IR:0'
[DEBUG] Parsed IR status: {'center': 0, 'left': 0, 'right': 0}
[DEBUG] Raw IR response from ESP32: 'OK CAMERA ANGLE'
[DEBUG] Raw IR response from ESP32: 'IR:0'
[DEBUG] Parsed IR status: {'center': 0, 'left': 0, 'right': 0}
[DEBUG] Raw IR response from ESP32: 'OK CAMERA ANGLE'
[DEBUG] Raw IR response from ESP32: 'IR:0'
[DEBUG] Parsed IR status: {'center': 0, 'left': 0, 'right': 0}
[DEBUG] Raw IR response from ESP32: 'IR:0'
[DEBUG] Parsed IR status: {'center': 0, 'left': 0, 'right': 0}
[DEBUG] Raw IR response from ESP32: 'OK CAMERA ANGLE'
[DEBUG] Raw IR response from ESP32: 'IR:0'
[DEBUG] Parsed IR status: {'center': 0, 'left': 0, 'right': 0}
[DEBUG] Raw IR response from ESP32: 'OK CAMERA ANGLE'
[DEBUG] Raw IR response from ESP32: 'IR:0'
[DEBUG] Parsed IR status: {'center': 0, 'left': 0, 'right': 0}
[DEBUG] Raw IR response from ESP32: 'IR:0'
[DEBUG] Parsed IR status: {'center': 0, 'left': 0, 'right': 0}
[DEBUG] Raw IR response from ESP32: 'OK CAMERA ANGLE\r\nIR:0'
[DEBUG] Parsed IR status: {'center': 0, 'left': 0, 'right': 0}
[DEBUG] Raw IR response from ESP32: ''
[DEBUG] Raw IR response from ESP32: 'OK CAMERA ANGLE'
[DEBUG] Raw IR response from ESP32: 'IR:0'
[DEBUG] Parsed IR status: {'center': 0, 'left': 0, 'right': 0}
[DEBUG] Raw IR response from ESP32: 'OK CAMERA ANGLE'
[DEBUG] Raw IR response from ESP32: 'IR:0'
[DEBUG] Parsed IR status: {'center': 0, 'left': 0, 'right': 0}
[DEBUG] Raw IR response from ESP32: 'IR:0'
[DEBUG] Parsed IR status: {'center': 0, 'left': 0, 'right': 0}
[DEBUG] Raw IR response from ESP32: 'OK CAMERA ANGLE'
[DEBUG] Raw IR response from ESP32: 'IR:0'
[DEBUG] Parsed IR status: {'center': 0, 'left': 0, 'right': 0}
[DEBUG] Raw IR response from ESP32: 'OK CAMERA ANGLE'
[DEBUG] Raw IR response from ESP32: 'IR:0'
[DEBUG] Parsed IR status: {'center': 0, 'left': 0, 'right': 0}
[DEBUG] Raw IR response from ESP32: 'OK CAMERA ANGLE\r\nIR:0'
[DEBUG] Parsed IR status: {'center': 0, 'left': 0, 'right': 0}
[DEBUG] Raw IR response from ESP32: 'OK CAMERA ANGLE'
[DEBUG] Raw IR response from ESP32: 'IR:0'
[DEBUG] Parsed IR status: {'center': 0, 'left': 0, 'right': 0}
[DEBUG] Raw IR response from ESP32: ''
[DEBUG] Raw IR response from ESP32: 'OK CAMERA ANGLE'
[DEBUG] Raw IR response from ESP32: 'IR:0'
[DEBUG] Parsed IR status: {'center': 0, 'left': 0, 'right': 0}
[DEBUG] Raw IR response from ESP32: 'OK CAMERA ANGLE'
[DEBUG] Raw IR response from ESP32: 'IR:0'
[DEBUG] Parsed IR status: {'center': 0, 'left': 0, 'right': 0}
[DEBUG] Raw IR response from ESP32: 'OK CAMERA ANGLE'
[DEBUG] Raw IR response from ESP32: 'IR:0'
[DEBUG] Parsed IR status: {'center': 0, 'left': 0, 'right': 0}
[DEBUG] Raw IR response from ESP32: 'OK CAMERA ANGLE\r\nIR:0'
[DEBUG] Parsed IR status: {'center': 0, 'left': 0, 'right': 0}
[DEBUG] Raw IR response from ESP32: ''
[DEBUG] Raw IR response from ESP32: 'IR:0'
[DEBUG] Parsed IR status: {'center': 0, 'left': 0, 'right': 0}
[DEBUG] Raw IR response from ESP32: 'OK CAMERA ANGLE'
[DEBUG] Raw IR response from ESP32: 'IR:0'
[DEBUG] Parsed IR status: {'center': 0, 'left': 0, 'right': 0}
[DEBUG] Raw IR response from ESP32: 'OK CAMERA ANGLE\r\nIR:0'
[DEBUG] Parsed IR status: {'center': 0, 'left': 0, 'right': 0}
[DEBUG] Raw IR response from ESP32: ''
[DEBUG] Raw IR response from ESP32: 'OK CAMERA ANGLE'
[DEBUG] Raw IR response from ESP32: 'IR:0'
[DEBUG] Parsed IR status: {'center': 0, 'left': 0, 'right': 0}
[DEBUG] Raw IR response from ESP32: 'IR:0'
[DEBUG] Parsed IR status: {'center': 0, 'left': 0, 'right': 0}
[DEBUG] Raw IR response from ESP32: 'OK CAMERA ANGLE'
[DEBUG] Raw IR response from ESP32: 'IR:0'
[DEBUG] Parsed IR status: {'center': 0, 'left': 0, 'right': 0}
[DEBUG] Raw IR response from ESP32: 'OK CAMERA ANGLE'
[DEBUG] Raw IR response from ESP32: 'IR:0'
[DEBUG] Parsed IR status: {'center': 0, 'left': 0, 'right': 0}
[DEBUG] Raw IR response from ESP32: 'OK CAMERA ANGLE'
[DEBUG] Raw IR response from ESP32: 'IR:0'
[DEBUG] Parsed IR status: {'center': 0, 'left': 0, 'right': 0}
[DEBUG] Raw IR response from ESP32: 'OK CAMERA ANGLE'
[DEBUG] Raw IR response from ESP32: 'IR:0'
[DEBUG] Parsed IR status: {'center': 0, 'left': 0, 'right': 0}
[DEBUG] Raw IR response from ESP32: 'IR:0'
[DEBUG] Parsed IR status: {'center': 0, 'left': 0, 'right': 0}
[DEBUG] Raw IR response from ESP32: 'OK CAMERA ANGLE'
[DEBUG] Raw IR response from ESP32: 'IR:0'
[DEBUG] Parsed IR status: {'center': 0, 'left': 0, 'right': 0}
[DEBUG] Raw IR response from ESP32: 'OK CAMERA ANGLE'
[DEBUG] Raw IR response from ESP32: 'IR:0'
[DEBUG] Parsed IR status: {'center': 0, 'left': 0, 'right': 0}
[DEBUG] Raw IR response from ESP32: 'OK CAMERA ANGLE'
[DEBUG] Raw IR response from ESP32: 'IR:0'
[DEBUG] Parsed IR status: {'center': 0, 'left': 0, 'right': 0}
[DEBUG] Raw IR response from ESP32: 'OK CAMERA ANGLE\r\nIR:0'
[DEBUG] Parsed IR status: {'center': 0, 'left': 0, 'right': 0}
[DEBUG] Raw IR response from ESP32: ''
[DEBUG] Raw IR response from ESP32: 'OK CAMERA ANGLE\r\nIR:0'
[DEBUG] Parsed IR status: {'center': 0, 'left': 0, 'right': 0}
[DEBUG] Raw IR response from ESP32: 'OK CAMERA ANGLE'
[DEBUG] Raw IR response from ESP32: ''
[DEBUG] Raw IR response from ESP32: 'IR:0'
[DEBUG] Parsed IR status: {'center': 0, 'left': 0, 'right': 0}
[DEBUG] Raw IR response from ESP32: 'IR:0'
[DEBUG] Parsed IR status: {'center': 0, 'left': 0, 'right': 0}
[DEBUG] Raw IR response from ESP32: 'OK CAMERA ANGLE'
[DEBUG] Raw IR response from ESP32: 'IR:0'
[DEBUG] Parsed IR status: {'center': 0, 'left': 0, 'right': 0}
[DEBUG] Raw IR response from ESP32: 'OK CAMERA ANGLE'
[DEBUG] Raw IR response from ESP32: 'IR:0'
[DEBUG] Parsed IR status: {'center': 0, 'left': 0, 'right': 0}
[DEBUG] Raw IR response from ESP32: 'OK CAMERA ANGLE'
[DEBUG] Raw IR response from ESP32: 'IR:0'
[DEBUG] Parsed IR status: {'center': 0, 'left': 0, 'right': 0}
[DEBUG] Raw IR response from ESP32: 'IR:0'
[DEBUG] Parsed IR status: {'center': 0, 'left': 0, 'right': 0}
[DEBUG] Raw IR response from ESP32: 'OK CAMERA ANGLE\r\nIR:0'
[DEBUG] Parsed IR status: {'center': 0, 'left': 0, 'right': 0}
[DEBUG] Raw IR response from ESP32: ''
[DEBUG] Raw IR response from ESP32: 'OK CAMERA ANGLE'
[DEBUG] Raw IR response from ESP32: 'IR:0'
[DEBUG] Parsed IR status: {'center': 0, 'left': 0, 'right': 0}
[DEBUG] Raw IR response from ESP32: 'OK CAMERA ANGLE'
[DEBUG] Raw IR response from ESP32: 'IR:0'
[DEBUG] Parsed IR status: {'center': 0, 'left': 0, 'right': 0}
[DEBUG] Raw IR response from ESP32: 'IR:0'
[DEBUG] Parsed IR status: {'center': 0, 'left': 0, 'right': 0}
[DEBUG] Raw IR response from ESP32: 'OK CAMERA ANGLE'
[DEBUG] Raw IR response from ESP32: 'IR:0'
[DEBUG] Parsed IR status: {'center': 0, 'left': 0, 'right': 0}
[DEBUG] Raw IR response from ESP32: 'OK CAMERA ANGLE'
[DEBUG] Raw IR response from ESP32: 'IR:0\r\nOK CAMERA ANGLE'
[DEBUG] Parsed IR status: {'center': 0, 'left': 0, 'right': 0}
[DEBUG] Raw IR response from ESP32: ''
[DEBUG] Raw IR response from ESP32: 'IR:0'
[DEBUG] Parsed IR status: {'center': 0, 'left': 0, 'right': 0}
[DEBUG] Raw IR response from ESP32: 'IR:0'
[DEBUG] Parsed IR status: {'center': 0, 'left': 0, 'right': 0}
[DEBUG] Raw IR response from ESP32: 'OK CAMERA ANGLE'
[DEBUG] Raw IR response from ESP32: 'IR:0'
[DEBUG] Parsed IR status: {'center': 0, 'left': 0, 'right': 0}
[DEBUG] Raw IR response from ESP32: 'OK CAMERA ANGLE'
[DEBUG] Raw IR response from ESP32: 'IR:0'
[DEBUG] Parsed IR status: {'center': 0, 'left': 0, 'right': 0}
[DEBUG] Raw IR response from ESP32: 'OK CAMERA ANGLE'
[DEBUG] Raw IR response from ESP32: 'IR:0'
[DEBUG] Parsed IR status: {'center': 0, 'left': 0, 'right': 0}
[DEBUG] Raw IR response from ESP32: 'OK CAMERA ANGLE'
[DEBUG] Raw IR response from ESP32: 'IR:0'
[DEBUG] Parsed IR status: {'center': 0, 'left': 0, 'right': 0}
[DEBUG] Raw IR response from ESP32: 'IR:0'
[DEBUG] Parsed IR status: {'center': 0, 'left': 0, 'right': 0}
[DEBUG] Raw IR response from ESP32: 'OK CAMERA ANGLE'
[DEBUG] Raw IR response from ESP32: 'IR:0'
[DEBUG] Parsed IR status: {'center': 0, 'left': 0, 'right': 0}
[DEBUG] Raw IR response from ESP32: 'OK CAMERA ANGLE'
[DEBUG] Raw IR response from ESP32: 'IR:0\r\nOK CAMERA ANGLE'
[DEBUG] Parsed IR status: {'center': 0, 'left': 0, 'right': 0}
[DEBUG] Raw IR response from ESP32: ''
[DEBUG] Raw IR response from ESP32: 'IR:0'
[DEBUG] Parsed IR status: {'center': 0, 'left': 0, 'right': 0}
[DEBUG] Raw IR response from ESP32: 'OK CAMERA ANGLE'
[DEBUG] Raw IR response from ESP32: 'IR:0'
[DEBUG] Parsed IR status: {'center': 0, 'left': 0, 'right': 0}
[DEBUG] Raw IR response from ESP32: 'IR:0'
[DEBUG] Parsed IR status: {'center': 0, 'left': 0, 'right': 0}
[DEBUG] Raw IR response from ESP32: 'OK CAMERA ANGLE'
[DEBUG] Raw IR response from ESP32: 'IR:0'
[DEBUG] Parsed IR status: {'center': 0, 'left': 0, 'right': 0}
[DEBUG] Raw IR response from ESP32: 'OK CAMERA ANGLE\r\nIR:0'
[DEBUG] Parsed IR status: {'center': 0, 'left': 0, 'right': 0}
[DEBUG] Raw IR response from ESP32: 'OK CAMERA ANGLE'
[DEBUG] Raw IR response from ESP32: ''
[DEBUG] Raw IR response from ESP32: 'IR:0'
[DEBUG] Parsed IR status: {'center': 0, 'left': 0, 'right': 0}
[DEBUG] Raw IR response from ESP32: 'OK CAMERA ANGLE'
[DEBUG] Raw IR response from ESP32: 'OK CAMERA ANGLE'
[DEBUG] Raw IR response from ESP32: ''
[DEBUG] Raw IR response from ESP32: 'IR:0'
[DEBUG] Parsed IR status: {'center': 0, 'left': 0, 'right': 0}
[DEBUG] Raw IR response from ESP32: 'OK CAMERA ANGLE'
[DEBUG] Raw IR response from ESP32: 'IR:0'
[DEBUG] Parsed IR status: {'center': 0, 'left': 0, 'right': 0}
[DEBUG] Raw IR response from ESP32: 'OK CAMERA ANGLE'
[DEBUG] Raw IR response from ESP32: 'IR:0'
[DEBUG] Parsed IR status: {'center': 0, 'left': 0, 'right': 0}
[DEBUG] Raw IR response from ESP32: 'OK CAMERA ANGLE'
[DEBUG] Raw IR response from ESP32: 'IR:0'
[DEBUG] Parsed IR status: {'center': 0, 'left': 0, 'right': 0}
[DEBUG] Raw IR response from ESP32: 'IR:0'
[DEBUG] Parsed IR status: {'center': 0, 'left': 0, 'right': 0}
[DEBUG] Raw IR response from ESP32: 'OK CAMERA ANGLE'
[DEBUG] Raw IR response from ESP32: 'IR:0'
[DEBUG] Parsed IR status: {'center': 0, 'left': 0, 'right': 0}
[DEBUG] Raw IR response from ESP32: 'OK CAMERA ANGLE'
[DEBUG] Raw IR response from ESP32: 'IR:0'
[DEBUG] Parsed IR status: {'center': 0, 'left': 0, 'right': 0}
[DEBUG] Raw IR response from ESP32: 'OK CAMERA ANGLE'
[DEBUG] Raw IR response from ESP32: 'IR:0'
[DEBUG] Parsed IR status: {'center': 0, 'left': 0, 'right': 0}
[DEBUG] Raw IR response from ESP32: 'IR:0'
[DEBUG] Parsed IR status: {'center': 0, 'left': 0, 'right': 0}
[DEBUG] Raw IR response from ESP32: 'OK CAMERA ANGLE'
[DEBUG] Raw IR response from ESP32: 'IR:0'
[DEBUG] Parsed IR status: {'center': 0, 'left': 0, 'right': 0}
[DEBUG] Raw IR response from ESP32: 'OK CAMERA ANGLE'
[DEBUG] Raw IR response from ESP32: 'IR:0'
[DEBUG] Parsed IR status: {'center': 0, 'left': 0, 'right': 0}
[DEBUG] Raw IR response from ESP32: 'IR:0'
[DEBUG] Parsed IR status: {'center': 0, 'left': 0, 'right': 0}
[DEBUG] Raw IR response from ESP32: 'OK CAMERA ANGLE'
[DEBUG] Raw IR response from ESP32: 'IR:0'
[DEBUG] Parsed IR status: {'center': 0, 'left': 0, 'right': 0}
[DEBUG] Raw IR response from ESP32: 'OK CAMERA ANGLE'
[DEBUG] Raw IR response from ESP32: 'IR:0'
[DEBUG] Parsed IR status: {'center': 0, 'left': 0, 'right': 0}
[DEBUG] Raw IR response from ESP32: 'OK CAMERA ANGLE'
[DEBUG] Raw IR response from ESP32: 'IR:0'
[DEBUG] Parsed IR status: {'center': 0, 'left': 0, 'right': 0}
[DEBUG] Raw IR response from ESP32: 'OK CAMERA ANGLE'
[DEBUG] Raw IR response from ESP32: 'IR:1'
[DEBUG] Parsed IR status: {'center': 1, 'left': 0, 'right': 0}
[DEBUG] Raw IR response from ESP32: 'OK CAMERA ANGLE'
[DEBUG] Raw IR response from ESP32: 'IR:1'
[DEBUG] Parsed IR status: {'center': 1, 'left': 0, 'right': 0}
[DEBUG] Raw IR response from ESP32: 'OK CAMERA ANGLE\r\nIR:0'
[DEBUG] Parsed IR status: {'center': 0, 'left': 0, 'right': 0}
[DEBUG] Raw IR response from ESP32: ''
[DEBUG] Raw IR response from ESP32: 'IR:1'
[DEBUG] Parsed IR status: {'center': 1, 'left': 0, 'right': 0}
[DEBUG] Raw IR response from ESP32: 'OK CAMERA ANGLE'
[DEBUG] Raw IR response from ESP32: 'IR:1'
[DEBUG] Parsed IR status: {'center': 1, 'left': 0, 'right': 0}
[DEBUG] Raw IR response from ESP32: 'IR:1'
[DEBUG] Parsed IR status: {'center': 1, 'left': 0, 'right': 0}
[DEBUG] Raw IR response from ESP32: 'IR:1'
[DEBUG] Parsed IR status: {'center': 1, 'left': 0, 'right': 0}
[DEBUG] Raw IR response from ESP32: 'OK CAMERA ANGLE\r\nIR:1'
[DEBUG] Parsed IR status: {'center': 1, 'left': 0, 'right': 0}
[DEBUG] Raw IR response from ESP32: 'IR:1'
[DEBUG] Parsed IR status: {'center': 1, 'left': 0, 'right': 0}
[DEBUG] Raw IR response from ESP32: 'OK CAMERA ANGLE\r\nIR:1'
[DEBUG] Parsed IR status: {'center': 1, 'left': 0, 'right': 0}
[DEBUG] Raw IR response from ESP32: ''
[DEBUG] Raw IR response from ESP32: 'OK CAMERA ANGLE'
[DEBUG] Raw IR response from ESP32: 'IR:1'
[DEBUG] Parsed IR status: {'center': 1, 'left': 0, 'right': 0}
[DEBUG] Raw IR response from ESP32: 'IR:1'
[DEBUG] Parsed IR status: {'center': 1, 'left': 0, 'right': 0}
[DEBUG] Raw IR response from ESP32: 'OK CAMERA ANGLE\r\nIR:1'
[DEBUG] Parsed IR status: {'center': 1, 'left': 0, 'right': 0}
[DEBUG] Raw IR response from ESP32: ''
[DEBUG] Raw IR response from ESP32: 'OK CAMERA ANGLE'
[DEBUG] Raw IR response from ESP32: 'IR:1'
[DEBUG] Parsed IR status: {'center': 1, 'left': 0, 'right': 0}
[DEBUG] Raw IR response from ESP32: 'OK CAMERA ANGLE'
[DEBUG] Raw IR response from ESP32: 'IR:1\r\nOK CAMERA ANGLE'
[DEBUG] Parsed IR status: {'center': 1, 'left': 0, 'right': 0}
[DEBUG] Raw IR response from ESP32: ''
[DEBUG] Raw IR response from ESP32: 'IR:1'
[DEBUG] Parsed IR status: {'center': 1, 'left': 0, 'right': 0}
[DEBUG] Raw IR response from ESP32: 'OK CAMERA ANGLE'
[DEBUG] Raw IR response from ESP32: 'IR:1'
[DEBUG] Parsed IR status: {'center': 1, 'left': 0, 'right': 0}
[DEBUG] Raw IR response from ESP32: 'OK CAMERA ANGLE'
[DEBUG] Raw IR response from ESP32: 'IR:1'
[DEBUG] Parsed IR status: {'center': 1, 'left': 0, 'right': 0}
[DEBUG] Raw IR response from ESP32: 'OK CAMERA ANGLE'
[DEBUG] Raw IR response from ESP32: 'IR:1'
[DEBUG] Parsed IR status: {'center': 1, 'left': 0, 'right': 0}
[DEBUG] Raw IR response from ESP32: 'OK STOP'
[DEBUG] Raw IR response from ESP32: 'OK CAMERA ANGLE\r\nIR:1'
[DEBUG] Parsed IR status: {'center': 1, 'left': 0, 'right': 0}
[DEBUG] Raw IR response from ESP32: 'OK CAMERA ANGLE'
[DEBUG] Raw IR response from ESP32: 'OK TURN RIGHT'
[DEBUG] Raw IR response from ESP32: 'OK CAMERA ANGLE'
[DEBUG] Raw IR response from ESP32: 'OK TURN RIGHT'
[DEBUG] Raw IR response from ESP32: 'OK CAMERA ANGLE'
[DEBUG] Raw IR response from ESP32: 'OK TURN RIGHT\r\nIR:1'
[DEBUG] Parsed IR status: {'center': 1, 'left': 0, 'right': 0}
[DEBUG] Raw IR response from ESP32: ''
[DEBUG] Raw IR response from ESP32: 'OK STOP'
[DEBUG] Raw IR response from ESP32: 'IR:1'
[DEBUG] Parsed IR status: {'center': 1, 'left': 0, 'right': 0}
[DEBUG] Raw IR response from ESP32: 'OK STOP'
[DEBUG] Raw IR response from ESP32: 'IR:1'
[DEBUG] Parsed IR status: {'center': 1, 'left': 0, 'right': 0}
[DEBUG] Raw IR response from ESP32: 'OK STOP'
[DEBUG] Fire aligned
[DEBUG] Raw IR response from ESP32: 'OK CAMERA ANGLE'
[DEBUG] Raw IR response from ESP32: 'OK STOP'
[DEBUG] Raw IR response from ESP32: 'IR:1'
[DEBUG] Parsed IR status: {'center': 1, 'left': 0, 'right': 0}
[DEBUG] Raw IR response from ESP32: 'OK MOVE FWD'
[DEBUG] Raw IR response from ESP32: 'IR:1'
[DEBUG] Parsed IR status: {'center': 1, 'left': 0, 'right': 0}
[DEBUG] Raw IR response from ESP32: 'OK MOVE FWD'
[DEBUG] Raw IR response from ESP32: 'IR:1'
[DEBUG] Parsed IR status: {'center': 1, 'left': 0, 'right': 0}
[DEBUG] Raw IR response from ESP32: 'OK MOVE FWD\r\nIR:1'
[DEBUG] Parsed IR status: {'center': 1, 'left': 0, 'right': 0}
[DEBUG] Raw IR response from ESP32: ''
[DEBUG] Raw IR response from ESP32: 'OK STOP'
[DEBUG] Raw IR response from ESP32: 'IR:1'
[DEBUG] Parsed IR status: {'center': 1, 'left': 0, 'right': 0}
[DEBUG] Raw IR response from ESP32: 'IR:1'
[DEBUG] Parsed IR status: {'center': 1, 'left': 0, 'right': 0}
[DEBUG] Raw IR response from ESP32: 'OK CAMERA ANGLE'
[DEBUG] Raw IR response from ESP32: 'IR:1'
[DEBUG] Parsed IR status: {'center': 1, 'left': 0, 'right': 0}
[DEBUG] Raw IR response from ESP32: 'OK CAMERA ANGLE'
[DEBUG] Raw IR response from ESP32: 'IR:1'
[DEBUG] Parsed IR status: {'center': 1, 'left': 0, 'right': 0}
[DEBUG] Raw IR response from ESP32: 'OK CAMERA ANGLE'
[DEBUG] Raw IR response from ESP32: 'IR:1'
[DEBUG] Parsed IR status: {'center': 1, 'left': 0, 'right': 0}
[DEBUG] Raw IR response from ESP32: 'OK CAMERA ANGLE\r\nIR:1'
[DEBUG] Parsed IR status: {'center': 1, 'left': 0, 'right': 0}
[DEBUG] Raw IR response from ESP32: 'OK CAMERA ANGLE'
[DEBUG] Raw IR response from ESP32: ''
[DEBUG] Raw IR response from ESP32: 'IR:1'
[DEBUG] Parsed IR status: {'center': 1, 'left': 0, 'right': 0}
[DEBUG] Raw IR response from ESP32: 'OK CAMERA ANGLE'
[DEBUG] Raw IR response from ESP32: 'IR:1'
[DEBUG] Parsed IR status: {'center': 1, 'left': 0, 'right': 0}
[DEBUG] Raw IR response from ESP32: 'OK CAMERA ANGLE\r\nIR:1'
[DEBUG] Parsed IR status: {'center': 1, 'left': 0, 'right': 0}
[DEBUG] Raw IR response from ESP32: ''
[DEBUG] Raw IR response from ESP32: 'IR:1'
[DEBUG] Parsed IR status: {'center': 1, 'left': 0, 'right': 0}
[DEBUG] Raw IR response from ESP32: 'OK CAMERA ANGLE'
[DEBUG] Raw IR response from ESP32: 'IR:1'
[DEBUG] Parsed IR status: {'center': 1, 'left': 0, 'right': 0}
[DEBUG] Raw IR response from ESP32: 'OK CAMERA ANGLE'
[DEBUG] Raw IR response from ESP32: 'IR:1'
[DEBUG] Parsed IR status: {'center': 1, 'left': 0, 'right': 0}
[DEBUG] Raw IR response from ESP32: 'OK CAMERA ANGLE'
[DEBUG] Raw IR response from ESP32: 'IR:1'
[DEBUG] Parsed IR status: {'center': 1, 'left': 0, 'right': 0}
[DEBUG] Raw IR response from ESP32: 'OK CAMERA ANGLE'
[DEBUG] Raw IR response from ESP32: 'IR:1'
[DEBUG] Parsed IR status: {'center': 1, 'left': 0, 'right': 0}
[DEBUG] Raw IR response from ESP32: 'IR:1'
[DEBUG] Parsed IR status: {'center': 1, 'left': 0, 'right': 0}
[DEBUG] Raw IR response from ESP32: 'OK CAMERA ANGLE'
[DEBUG] Raw IR response from ESP32: 'IR:1'
[DEBUG] Parsed IR status: {'center': 1, 'left': 0, 'right': 0}
[DEBUG] Raw IR response from ESP32: 'OK CAMERA ANGLE'
[DEBUG] Raw IR response from ESP32: 'IR:1'
[DEBUG] Parsed IR status: {'center': 1, 'left': 0, 'right': 0}
[DEBUG] Raw IR response from ESP32: 'OK CAMERA ANGLE'
[DEBUG] Raw IR response from ESP32: 'IR:1'
[DEBUG] Parsed IR status: {'center': 1, 'left': 0, 'right': 0}
[DEBUG] Raw IR response from ESP32: 'OK STOP'
[DEBUG] Raw IR response from ESP32: 'OK CAMERA ANGLE'
[DEBUG] Raw IR response from ESP32: 'OK CAMERA ANGLE'
[DEBUG] Raw IR response from ESP32: 'OK TURN LEFT'
[DEBUG] Raw IR response from ESP32: 'OK CAMERA ANGLE'
[DEBUG] Raw IR response from ESP32: 'OK TURN LEFT'
[DEBUG] Raw IR response from ESP32: 'OK CAMERA ANGLE'
[DEBUG] Raw IR response from ESP32: 'OK TURN LEFT\r\nIR:1'
[DEBUG] Parsed IR status: {'center': 1, 'left': 0, 'right': 0}
[DEBUG] Raw IR response from ESP32: 'IR:1'
[DEBUG] Parsed IR status: {'center': 1, 'left': 0, 'right': 0}
[DEBUG] Raw IR response from ESP32: 'OK CAMERA ANGLE'
[DEBUG] Raw IR response from ESP32: 'OK TURN LEFT'
[DEBUG] Raw IR response from ESP32: 'OK CAMERA ANGLE'
[DEBUG] Raw IR response from ESP32: 'OK TURN LEFT'
[DEBUG] Fire aligned
[DEBUG] Raw IR response from ESP32: 'OK CAMERA ANGLE'
[DEBUG] Raw IR response from ESP32: 'OK STOP'
[DEBUG] Raw IR response from ESP32: 'IR:1'
[DEBUG] Parsed IR status: {'center': 1, 'left': 0, 'right': 0}
[DEBUG] Raw IR response from ESP32: 'OK MOVE FWD'
[DEBUG] Raw IR response from ESP32: 'IR:1'
[DEBUG] Parsed IR status: {'center': 1, 'left': 0, 'right': 0}
[DEBUG] Raw IR response from ESP32: 'OK MOVE FWD'
[DEBUG] Raw IR response from ESP32: 'IR:1'
[DEBUG] Parsed IR status: {'center': 1, 'left': 0, 'right': 0}
[DEBUG] IR CENTER TRIGGERED → STOPPING[DEBUG] Raw IR response from ESP32: 'OK MOVE FWD'

[DEBUG] Raw IR response from ESP32: 'IR:1\r\nOK STOP'
[DEBUG] Parsed IR status: {'center': 1, 'left': 0, 'right': 0}
[DEBUG] Raw IR response from ESP32: ''
[DEBUG] Raw IR response from ESP32: 'OK PUMP OFF'
[DEBUG] Raw IR response from ESP32: 'OK WATER ANGLE'
[DEBUG] Raw IR response from ESP32: 'OK PUMP OFF'
[DEBUG] Raw IR response from ESP32: 'OK WATER ANGLE'
[DEBUG] Raw IR response from ESP32: 'OK PUMP OFF'
[DEBUG] Raw IR response from ESP32: 'OK WATER ANGLE'
[DEBUG] Raw IR response from ESP32: 'IR:1'
[DEBUG] Parsed IR status: {'center': 1, 'left': 0, 'right': 0}
[DEBUG] Raw IR response from ESP32: 'OK PUMP ON'
[DEBUG] Raw IR response from ESP32: 'OK WATER ANGLE'
[DEBUG] Raw IR response from ESP32: 'IR:1'
[DEBUG] Parsed IR status: {'center': 1, 'left': 0, 'right': 0}
[DEBUG] Raw IR response from ESP32: 'OK PUMP ON'
[DEBUG] Raw IR response from ESP32: 'OK WATER ANGLE'
[DEBUG] Raw IR response from ESP32: 'IR:1'
[DEBUG] Parsed IR status: {'center': 1, 'left': 0, 'right': 0}
[INFO] Shutting down rover safely...[ERROR] Failed to read IR status: [WinError 10054] An existing connection was forcibly closed by the remote host

Traceback (most recent call last):
  File "C:\Users\Faizan\Desktop\esp32_rover\prototype_3\decisions.py", line 265, in run
    self.extinguish_fire()
  File "C:\Users\Faizan\Desktop\esp32_rover\prototype_3\decisions.py", line 190, in extinguish_fire
    self.servo.set_water_us(self.nozzle_angle)
  File "C:\Users\Faizan\Desktop\esp32_rover\prototype_3\actuators\servo_client.py", line 65, in set_water_us
    return self.esp32.send_command(f"WATER ANGLE {microseconds}")
           ^^^^^^^^^^^^^^^^^^^^^^^^^^^^^^^^^^^^^^^^^^^^^^^^^^^^^^
  File "C:\Users\Faizan\Desktop\esp32_rover\prototype_3\esp32_connection.py", line 58, in send_command
    response = self.socket.recv(1024).decode().strip()
               ^^^^^^^^^^^^^^^^^^^^^^
ConnectionResetError: [WinError 10054] An existing connection was forcibly closed by the remote host

During handling of the above exception, another exception occurred:

Traceback (most recent call last):
  File "C:\Users\Faizan\Desktop\esp32_rover\prototype_3\main.py", line 51, in <module>
    main()
  File "C:\Users\Faizan\Desktop\esp32_rover\prototype_3\main.py", line 33, in main
    rover.run()
  File "C:\Users\Faizan\Desktop\esp32_rover\prototype_3\decisions.py", line 274, in run
    self.shutdown()
  File "C:\Users\Faizan\Desktop\esp32_rover\prototype_3\decisions.py", line 80, in shutdown
    self.movement.stop()
  File "C:\Users\Faizan\Desktop\esp32_rover\prototype_3\actuators\movement_client.py", line 24, in stop
    return self.esp32.send_command("STOP")
           ^^^^^^^^^^^^^^^^^^^^^^^^^^^^^^^
  File "C:\Users\Faizan\Desktop\esp32_rover\prototype_3\esp32_connection.py", line 49, in send_command
    raise RuntimeError("ESP32 not connected")
RuntimeError: ESP32 not connected
