[LOGGER] Logging to logs/run_242.log
[INFO] Connected to ESP32 at 192.168.4.1:3333
[INFO] Starting Fire Rover Decision System
Press Ctrl+C to terminate manually

[INFO] Starting Fire Rover Decision System
Press Ctrl+C or 'q' in the video window to terminate

[DEBUG] Raw IR response from ESP32: 'IR:0'
[DEBUG] Parsed IR status: {'center': 0, 'left': 0, 'right': 0}
[DEBUG] Raw IR response from ESP32: ''
[DEBUG] Raw IR response from ESP32: 'IR:0'
[DEBUG] Parsed IR status: {'center': 0, 'left': 0, 'right': 0}
[DEBUG] Raw IR response from ESP32: 'IR:0'
[DEBUG] Parsed IR status: {'center': 0, 'left': 0, 'right': 0}
[DEBUG] Raw IR response from ESP32: ''
[DEBUG] Raw IR response from ESP32: 'IR:0'
[DEBUG] Parsed IR status: {'center': 0, 'left': 0, 'right': 0}
[DEBUG] Raw IR response from ESP32: 'IR:0'
[DEBUG] Parsed IR status: {'center': 0, 'left': 0, 'right': 0}
[DEBUG] Raw IR response from ESP32: 'IR:0'
[DEBUG] Parsed IR status: {'center': 0, 'left': 0, 'right': 0}
[DEBUG] Raw IR response from ESP32: 'IR:0'
[DEBUG] Parsed IR status: {'center': 0, 'left': 0, 'right': 0}
[DEBUG] Raw IR response from ESP32: 'IR:0'
[DEBUG] Parsed IR status: {'center': 0, 'left': 0, 'right': 0}
[DEBUG] Raw IR response from ESP32: 'IR:0'
[DEBUG] Parsed IR status: {'center': 0, 'left': 0, 'right': 0}
[DEBUG] Raw IR response from ESP32: 'OK CAMERA ANGLE'
[ERROR] Failed to read IR status: timed out
[ERROR] Failed to read IR status: ESP32 not connected
[ERROR] Failed to read IR status: ESP32 not connected
[ERROR] Failed to read IR status: ESP32 not connected
[ERROR] Failed to read IR status: ESP32 not connected
[ERROR] Failed to read IR status: ESP32 not connected
[ERROR] Failed to read IR status: ESP32 not connected
[ERROR] Failed to read IR status: ESP32 not connected
[ERROR] Failed to read IR status: ESP32 not connected
[ERROR] Failed to read IR status: ESP32 not connected
[ERROR] Failed to read IR status: ESP32 not connected
[ERROR] Failed to read IR status: ESP32 not connected
[ERROR] Failed to read IR status: ESP32 not connected
[ERROR] Failed to read IR status: ESP32 not connected
[ERROR] Failed to read IR status: ESP32 not connected
[ERROR] Failed to read IR status: ESP32 not connected
[ERROR] Failed to read IR status: ESP32 not connected
[ERROR] Failed to read IR status: ESP32 not connected
[ERROR] Failed to read IR status: ESP32 not connected
[ERROR] Failed to read IR status: ESP32 not connected
[ERROR] Failed to read IR status: ESP32 not connected
[ERROR] Failed to read IR status: ESP32 not connected
[ERROR] Failed to read IR status: ESP32 not connected
[ERROR] Failed to read IR status: ESP32 not connected
[ERROR] Failed to read IR status: ESP32 not connected
[ERROR] Failed to read IR status: ESP32 not connected
[ERROR] Failed to read IR status: ESP32 not connected
[ERROR] Failed to read IR status: ESP32 not connected
[ERROR] Failed to read IR status: ESP32 not connected
[ERROR] Failed to read IR status: ESP32 not connected
[ERROR] Failed to read IR status: ESP32 not connected
[ERROR] Failed to read IR status: ESP32 not connected
[ERROR] Failed to read IR status: ESP32 not connected
[ERROR] Failed to read IR status: ESP32 not connected
[ERROR] Failed to read IR status: ESP32 not connected
[ERROR] Failed to read IR status: ESP32 not connected
[ERROR] Failed to read IR status: ESP32 not connected
[ERROR] Failed to read IR status: ESP32 not connected
[ERROR] Failed to read IR status: ESP32 not connected
[ERROR] Failed to read IR status: ESP32 not connected
[ERROR] Failed to read IR status: ESP32 not connected
[ERROR] Failed to read IR status: ESP32 not connected
[ERROR] Failed to read IR status: ESP32 not connected
[ERROR] Failed to read IR status: ESP32 not connected
[ERROR] Failed to read IR status: ESP32 not connected
[ERROR] Failed to read IR status: ESP32 not connected
[ERROR] Failed to read IR status: ESP32 not connected
[ERROR] Failed to read IR status: ESP32 not connected
[ERROR] Failed to read IR status: ESP32 not connected
[ERROR] Failed to read IR status: ESP32 not connected
[ERROR] Failed to read IR status: ESP32 not connected
[ERROR] Failed to read IR status: ESP32 not connected
[ERROR] Failed to read IR status: ESP32 not connected
[ERROR] Failed to read IR status: ESP32 not connected
[ERROR] Failed to read IR status: ESP32 not connected
[ERROR] Failed to read IR status: ESP32 not connected
[ERROR] Failed to read IR status: ESP32 not connected
[ERROR] Failed to read IR status: ESP32 not connected
[ERROR] Failed to read IR status: ESP32 not connected
[ERROR] Failed to read IR status: ESP32 not connected
[ERROR] Failed to read IR status: ESP32 not connected
[ERROR] Failed to read IR status: ESP32 not connected
[ERROR] Failed to read IR status: ESP32 not connected
[ERROR] Failed to read IR status: ESP32 not connected
[ERROR] Failed to read IR status: ESP32 not connected
[ERROR] Failed to read IR status: ESP32 not connected
[ERROR] Failed to read IR status: ESP32 not connected
[ERROR] Failed to read IR status: ESP32 not connected
[ERROR] Failed to read IR status: ESP32 not connected
[ERROR] Failed to read IR status: ESP32 not connected
[ERROR] Failed to read IR status: ESP32 not connected
[ERROR] Failed to read IR status: ESP32 not connected
[ERROR] Failed to read IR status: ESP32 not connected
[ERROR] Failed to read IR status: ESP32 not connected
[ERROR] Failed to read IR status: ESP32 not connected
[ERROR] Failed to read IR status: ESP32 not connected
[ALERT] ESP32 disconnected! Stopping everything.
[INFO] Shutting down rover safely...
Traceback (most recent call last):
  File "C:\Users\ashis\OneDrive\Desktop\prototype_3\decisions.py", line 215, in run
    if not self.check_connection():
           ^^^^^^^^^^^^^^^^^^^^^^^
  File "C:\Users\ashis\OneDrive\Desktop\prototype_3\decisions.py", line 79, in check_connection
    self.shutdown()
  File "C:\Users\ashis\OneDrive\Desktop\prototype_3\decisions.py", line 85, in shutdown
    self.movement.stop()
  File "C:\Users\ashis\OneDrive\Desktop\prototype_3\actuators\movement_client.py", line 24, in stop
    return self.esp32.send_command("STOP")
           ^^^^^^^^^^^^^^^^^^^^^^^^^^^^^^^
  File "C:\Users\ashis\OneDrive\Desktop\prototype_3\esp32_connection.py", line 49, in send_command
    raise RuntimeError("ESP32 not connected")
RuntimeError: ESP32 not connected

During handling of the above exception, another exception occurred:

Traceback (most recent call last):
  File "C:\Users\ashis\OneDrive\Desktop\prototype_3\main.py", line 51, in <module>
    main()
  File "C:\Users\ashis\OneDrive\Desktop\prototype_3\main.py", line 33, in main
    rover.run()
  File "C:\Users\ashis\OneDrive\Desktop\prototype_3\decisions.py", line 298, in run
    self.shutdown()
  File "C:\Users\ashis\OneDrive\Desktop\prototype_3\decisions.py", line 85, in shutdown
    self.movement.stop()
  File "C:\Users\ashis\OneDrive\Desktop\prototype_3\actuators\movement_client.py", line 24, in stop
    return self.esp32.send_command("STOP")
           ^^^^^^^^^^^^^^^^^^^^^^^^^^^^^^^
  File "C:\Users\ashis\OneDrive\Desktop\prototype_3\esp32_connection.py", line 49, in send_command
    raise RuntimeError("ESP32 not connected")
RuntimeError: ESP32 not connected
